2017/07/09 17:36:34,300 [INFO ] [MvcApplication] - Application_Start <-- start
2017/07/09 17:36:34,328 [DEBUG] [BootStrapper] - CreateComposition <-- Start
2017/07/09 17:36:34,350 [DEBUG] [BootStrapper] - CreateComposition --> End
2017/07/09 17:36:35,545 [INFO ] [BundleConfig] - RegisterBundles <-- Start
2017/07/09 17:36:35,548 [INFO ] [BundleConfig] - RegisterAdminBundles <-- Start
2017/07/09 17:36:35,569 [INFO ] [BundleConfig] - RegisterAdminBundles --> End
2017/07/09 17:36:35,573 [INFO ] [BundleConfig] - RegisterHomeBundles <-- Start
2017/07/09 17:36:35,580 [INFO ] [BundleConfig] - RegisterHomeBundles --> End
2017/07/09 17:36:35,583 [INFO ] [BundleConfig] - RegisterBundles --> End
2017/07/09 17:36:35,586 [INFO ] [MvcApplication] - Application_Start --> End
2017/07/09 17:36:35,702 [INFO ] [MvcApplication] - Session_Start <-- start
2017/07/09 17:36:35,706 [INFO ] [MvcApplication] - InitLocalization <-- start
2017/07/09 17:36:35,798 [INFO ] [MvcApplication] - InitLocalization --> End
2017/07/09 17:36:35,802 [INFO ] [MvcApplication] - Session_Start --> End
2017/07/09 21:18:29,615 [INFO ] [MvcApplication] - Application_Start <-- start
2017/07/09 21:18:29,635 [DEBUG] [BootStrapper] - CreateComposition <-- Start
2017/07/09 21:18:29,645 [DEBUG] [BootStrapper] - CreateComposition --> End
2017/07/09 21:18:30,092 [INFO ] [BundleConfig] - RegisterBundles <-- Start
2017/07/09 21:18:30,095 [INFO ] [BundleConfig] - RegisterAdminBundles <-- Start
2017/07/09 21:18:30,134 [INFO ] [BundleConfig] - RegisterAdminBundles --> End
2017/07/09 21:18:30,139 [INFO ] [BundleConfig] - RegisterHomeBundles <-- Start
2017/07/09 21:18:30,149 [INFO ] [BundleConfig] - RegisterHomeBundles --> End
2017/07/09 21:18:30,154 [INFO ] [BundleConfig] - RegisterBundles --> End
2017/07/09 21:18:30,159 [INFO ] [MvcApplication] - Application_Start --> End
2017/07/09 21:18:30,281 [INFO ] [MvcApplication] - Session_Start <-- start
2017/07/09 21:18:30,286 [INFO ] [MvcApplication] - InitLocalization <-- start
2017/07/09 21:18:30,359 [INFO ] [MvcApplication] - InitLocalization --> End
2017/07/09 21:18:30,362 [INFO ] [MvcApplication] - Session_Start --> End
2017/07/09 21:36:41,904 [INFO ] [MvcApplication] - Application_Start <-- start
2017/07/09 21:36:41,992 [DEBUG] [BootStrapper] - CreateComposition <-- Start
2017/07/09 21:36:42,012 [DEBUG] [BootStrapper] - CreateComposition --> End
2017/07/09 21:36:44,073 [INFO ] [BundleConfig] - RegisterBundles <-- Start
2017/07/09 21:36:44,077 [INFO ] [BundleConfig] - RegisterAdminBundles <-- Start
2017/07/09 21:36:44,118 [INFO ] [BundleConfig] - RegisterAdminBundles --> End
2017/07/09 21:36:44,125 [INFO ] [BundleConfig] - RegisterHomeBundles <-- Start
2017/07/09 21:36:44,138 [INFO ] [BundleConfig] - RegisterHomeBundles --> End
2017/07/09 21:36:44,143 [INFO ] [BundleConfig] - RegisterBundles --> End
2017/07/09 21:36:44,147 [INFO ] [MvcApplication] - Application_Start --> End
2017/07/09 21:36:44,395 [INFO ] [MvcApplication] - Session_Start <-- start
2017/07/09 21:36:44,406 [INFO ] [MvcApplication] - InitLocalization <-- start
2017/07/09 21:36:44,546 [INFO ] [MvcApplication] - InitLocalization --> End
2017/07/09 21:36:44,554 [INFO ] [MvcApplication] - Session_Start --> End
2017/07/09 21:42:06,737 [INFO ] [MvcApplication] - Application_Start <-- start
2017/07/09 21:42:06,758 [DEBUG] [BootStrapper] - CreateComposition <-- Start
2017/07/09 21:42:06,766 [DEBUG] [BootStrapper] - CreateComposition --> End
2017/07/09 21:42:07,144 [INFO ] [BundleConfig] - RegisterBundles <-- Start
2017/07/09 21:42:07,148 [INFO ] [BundleConfig] - RegisterAdminBundles <-- Start
2017/07/09 21:42:07,175 [INFO ] [BundleConfig] - RegisterAdminBundles --> End
2017/07/09 21:42:07,179 [INFO ] [BundleConfig] - RegisterHomeBundles <-- Start
2017/07/09 21:42:07,190 [INFO ] [BundleConfig] - RegisterHomeBundles --> End
2017/07/09 21:42:07,194 [INFO ] [BundleConfig] - RegisterBundles --> End
2017/07/09 21:42:07,212 [INFO ] [MvcApplication] - Application_Start --> End
2017/07/09 21:42:07,357 [INFO ] [MvcApplication] - Session_Start <-- start
2017/07/09 21:42:07,357 [INFO ] [MvcApplication] - Session_Start <-- start
2017/07/09 21:42:07,363 [INFO ] [MvcApplication] - InitLocalization <-- start
2017/07/09 21:42:07,370 [INFO ] [MvcApplication] - InitLocalization <-- start
2017/07/09 21:42:07,464 [INFO ] [MvcApplication] - InitLocalization --> End
2017/07/09 21:42:07,464 [INFO ] [MvcApplication] - InitLocalization --> End
2017/07/09 21:42:07,469 [INFO ] [MvcApplication] - Session_Start --> End
2017/07/09 21:42:07,475 [INFO ] [MvcApplication] - Session_Start --> End
2017/07/13 12:44:37,767 [INFO ] [MvcApplication] - Application_Start <-- start
2017/07/13 12:44:37,849 [DEBUG] [BootStrapper] - CreateComposition <-- Start
2017/07/13 12:44:37,883 [DEBUG] [BootStrapper] - CreateComposition --> End
2017/07/13 12:44:39,634 [INFO ] [BundleConfig] - RegisterBundles <-- Start
2017/07/13 12:44:39,640 [INFO ] [BundleConfig] - RegisterAdminBundles <-- Start
2017/07/13 12:44:39,752 [INFO ] [BundleConfig] - RegisterAdminBundles --> End
2017/07/13 12:44:39,756 [INFO ] [BundleConfig] - RegisterHomeBundles <-- Start
2017/07/13 12:44:39,763 [INFO ] [BundleConfig] - RegisterHomeBundles --> End
2017/07/13 12:44:39,767 [INFO ] [BundleConfig] - RegisterBundles --> End
2017/07/13 12:44:39,771 [INFO ] [MvcApplication] - Application_Start --> End
2017/07/13 12:44:40,188 [INFO ] [MvcApplication] - Session_Start <-- start
2017/07/13 12:44:40,194 [INFO ] [MvcApplication] - InitLocalization <-- start
2017/07/13 12:44:40,404 [INFO ] [MvcApplication] - InitLocalization --> End
2017/07/13 12:44:40,413 [INFO ] [MvcApplication] - Session_Start --> End
2017/07/13 12:58:43,379 [INFO ] [MvcApplication] - Application_Start <-- start
2017/07/13 12:58:43,404 [DEBUG] [BootStrapper] - CreateComposition <-- Start
2017/07/13 12:58:43,411 [DEBUG] [BootStrapper] - CreateComposition --> End
2017/07/13 12:58:43,987 [INFO ] [BundleConfig] - RegisterBundles <-- Start
2017/07/13 12:58:43,991 [INFO ] [BundleConfig] - RegisterAdminBundles <-- Start
2017/07/13 12:58:44,025 [INFO ] [BundleConfig] - RegisterAdminBundles --> End
2017/07/13 12:58:44,029 [INFO ] [BundleConfig] - RegisterHomeBundles <-- Start
2017/07/13 12:58:44,038 [INFO ] [BundleConfig] - RegisterHomeBundles --> End
2017/07/13 12:58:44,041 [INFO ] [BundleConfig] - RegisterBundles --> End
2017/07/13 12:58:44,046 [INFO ] [MvcApplication] - Application_Start --> End
2017/07/13 12:58:44,117 [INFO ] [MvcApplication] - Session_Start <-- start
2017/07/13 12:58:44,121 [INFO ] [MvcApplication] - InitLocalization <-- start
2017/07/13 12:58:44,149 [INFO ] [MvcApplication] - InitLocalization --> End
2017/07/13 12:58:44,153 [INFO ] [MvcApplication] - Session_Start --> End
2017/07/13 13:22:21,007 [INFO ] [MvcApplication] - Application_Start <-- start
2017/07/13 13:22:21,076 [DEBUG] [BootStrapper] - CreateComposition <-- Start
2017/07/13 13:22:21,105 [DEBUG] [BootStrapper] - CreateComposition --> End
2017/07/13 13:22:21,132 [INFO ] [BundleConfig] - RegisterBundles <-- Start
2017/07/13 13:22:21,137 [INFO ] [BundleConfig] - RegisterAdminBundles <-- Start
2017/07/13 13:22:21,164 [INFO ] [BundleConfig] - RegisterAdminBundles --> End
2017/07/13 13:22:21,169 [INFO ] [BundleConfig] - RegisterHomeBundles <-- Start
2017/07/13 13:22:21,177 [INFO ] [BundleConfig] - RegisterHomeBundles --> End
2017/07/13 13:22:21,182 [INFO ] [BundleConfig] - RegisterBundles --> End
2017/07/13 13:22:21,188 [INFO ] [MvcApplication] - Application_Start --> End
2017/07/13 13:22:21,230 [INFO ] [MvcApplication] - Session_Start <-- start
2017/07/13 13:22:21,235 [INFO ] [MvcApplication] - InitLocalization <-- start
2017/07/13 13:22:21,259 [INFO ] [MvcApplication] - InitLocalization --> End
2017/07/13 13:22:21,264 [INFO ] [MvcApplication] - Session_Start --> End
2017/07/13 13:42:32,848 [INFO ] [MvcApplication] - Application_Start <-- start
2017/07/13 13:42:32,864 [DEBUG] [BootStrapper] - CreateComposition <-- Start
2017/07/13 13:42:32,871 [DEBUG] [BootStrapper] - CreateComposition --> End
2017/07/13 13:42:33,328 [INFO ] [BundleConfig] - RegisterBundles <-- Start
2017/07/13 13:42:33,332 [INFO ] [BundleConfig] - RegisterAdminBundles <-- Start
2017/07/13 13:42:33,354 [INFO ] [BundleConfig] - RegisterAdminBundles --> End
2017/07/13 13:42:33,357 [INFO ] [BundleConfig] - RegisterHomeBundles <-- Start
2017/07/13 13:42:33,364 [INFO ] [BundleConfig] - RegisterHomeBundles --> End
2017/07/13 13:42:33,368 [INFO ] [BundleConfig] - RegisterBundles --> End
2017/07/13 13:42:33,372 [INFO ] [MvcApplication] - Application_Start --> End
2017/07/13 13:42:33,450 [INFO ] [MvcApplication] - Session_Start <-- start
2017/07/13 13:42:33,455 [INFO ] [MvcApplication] - InitLocalization <-- start
2017/07/13 13:42:33,478 [INFO ] [MvcApplication] - InitLocalization --> End
2017/07/13 13:42:33,482 [INFO ] [MvcApplication] - Session_Start --> End
2017/07/19 18:31:08,069 [INFO ] [MvcApplication] - Application_Start <-- start
2017/07/19 18:31:08,085 [DEBUG] [BootStrapper] - CreateComposition <-- Start
2017/07/19 18:31:08,093 [DEBUG] [BootStrapper] - CreateComposition --> End
2017/07/19 18:31:08,402 [INFO ] [BundleConfig] - RegisterBundles <-- Start
2017/07/19 18:31:08,406 [INFO ] [BundleConfig] - RegisterAdminBundles <-- Start
2017/07/19 18:31:08,427 [INFO ] [BundleConfig] - RegisterAdminBundles --> End
2017/07/19 18:31:08,431 [INFO ] [BundleConfig] - RegisterHomeBundles <-- Start
2017/07/19 18:31:08,439 [INFO ] [BundleConfig] - RegisterHomeBundles --> End
2017/07/19 18:31:08,442 [INFO ] [BundleConfig] - RegisterBundles --> End
2017/07/19 18:31:08,446 [INFO ] [MvcApplication] - Application_Start --> End
2017/07/19 18:31:08,541 [INFO ] [MvcApplication] - Session_Start <-- start
2017/07/19 18:31:08,546 [INFO ] [MvcApplication] - InitLocalization <-- start
2017/07/19 18:31:08,607 [INFO ] [MvcApplication] - InitLocalization --> End
2017/07/19 18:31:08,612 [INFO ] [MvcApplication] - Session_Start --> End
2017/07/19 18:31:51,859 [INFO ] [MvcApplication] - Application_Start <-- start
2017/07/19 18:31:51,876 [DEBUG] [BootStrapper] - CreateComposition <-- Start
2017/07/19 18:31:51,882 [DEBUG] [BootStrapper] - CreateComposition --> End
2017/07/19 18:31:52,317 [INFO ] [BundleConfig] - RegisterBundles <-- Start
2017/07/19 18:31:52,321 [INFO ] [BundleConfig] - RegisterAdminBundles <-- Start
2017/07/19 18:31:52,343 [INFO ] [BundleConfig] - RegisterAdminBundles --> End
2017/07/19 18:31:52,347 [INFO ] [BundleConfig] - RegisterHomeBundles <-- Start
2017/07/19 18:31:52,354 [INFO ] [BundleConfig] - RegisterHomeBundles --> End
2017/07/19 18:31:52,358 [INFO ] [BundleConfig] - RegisterBundles --> End
2017/07/19 18:31:52,363 [INFO ] [MvcApplication] - Application_Start --> End
2017/07/19 18:31:52,436 [INFO ] [MvcApplication] - Session_Start <-- start
2017/07/19 18:31:52,441 [INFO ] [MvcApplication] - InitLocalization <-- start
2017/07/19 18:31:52,465 [INFO ] [MvcApplication] - InitLocalization --> End
2017/07/19 18:31:52,469 [INFO ] [MvcApplication] - Session_Start --> End
2017/07/19 18:33:21,019 [INFO ] [MvcApplication] - Application_Start <-- start
2017/07/19 18:33:21,035 [DEBUG] [BootStrapper] - CreateComposition <-- Start
2017/07/19 18:33:21,042 [DEBUG] [BootStrapper] - CreateComposition --> End
2017/07/19 18:33:21,298 [INFO ] [BundleConfig] - RegisterBundles <-- Start
2017/07/19 18:33:21,302 [INFO ] [BundleConfig] - RegisterAdminBundles <-- Start
2017/07/19 18:33:21,322 [INFO ] [BundleConfig] - RegisterAdminBundles --> End
2017/07/19 18:33:21,326 [INFO ] [BundleConfig] - RegisterHomeBundles <-- Start
2017/07/19 18:33:21,334 [INFO ] [BundleConfig] - RegisterHomeBundles --> End
2017/07/19 18:33:21,338 [INFO ] [BundleConfig] - RegisterBundles --> End
2017/07/19 18:33:21,342 [INFO ] [MvcApplication] - Application_Start --> End
2017/07/19 18:33:21,415 [INFO ] [MvcApplication] - Session_Start <-- start
2017/07/19 18:33:21,420 [INFO ] [MvcApplication] - InitLocalization <-- start
2017/07/19 18:33:21,443 [INFO ] [MvcApplication] - InitLocalization --> End
2017/07/19 18:33:21,447 [INFO ] [MvcApplication] - Session_Start --> End
2017/07/20 08:35:54,057 [INFO ] [MvcApplication] - Application_Start <-- start
2017/07/20 08:35:54,080 [DEBUG] [BootStrapper] - CreateComposition <-- Start
2017/07/20 08:35:54,091 [DEBUG] [BootStrapper] - CreateComposition --> End
2017/07/20 08:35:54,618 [INFO ] [BundleConfig] - RegisterBundles <-- Start
2017/07/20 08:35:54,622 [INFO ] [BundleConfig] - RegisterAdminBundles <-- Start
2017/07/20 08:35:54,644 [INFO ] [BundleConfig] - RegisterAdminBundles --> End
2017/07/20 08:35:54,651 [INFO ] [BundleConfig] - RegisterHomeBundles <-- Start
2017/07/20 08:35:54,662 [INFO ] [BundleConfig] - RegisterHomeBundles --> End
2017/07/20 08:35:54,667 [INFO ] [BundleConfig] - RegisterBundles --> End
2017/07/20 08:35:54,673 [INFO ] [MvcApplication] - Application_Start --> End
2017/07/20 08:35:54,955 [INFO ] [MvcApplication] - Session_Start <-- start
2017/07/20 08:35:54,967 [INFO ] [MvcApplication] - InitLocalization <-- start
2017/07/20 08:35:55,085 [INFO ] [MvcApplication] - InitLocalization --> End
2017/07/20 08:35:55,089 [INFO ] [MvcApplication] - Session_Start --> End
2017/07/20 09:11:38,115 [INFO ] [MvcApplication] - Application_Start <-- start
2017/07/20 09:11:38,190 [DEBUG] [BootStrapper] - CreateComposition <-- Start
2017/07/20 09:11:38,219 [DEBUG] [BootStrapper] - CreateComposition --> End
2017/07/20 09:11:38,243 [INFO ] [BundleConfig] - RegisterBundles <-- Start
2017/07/20 09:11:38,247 [INFO ] [BundleConfig] - RegisterAdminBundles <-- Start
2017/07/20 09:11:38,271 [INFO ] [BundleConfig] - RegisterAdminBundles --> End
2017/07/20 09:11:38,277 [INFO ] [BundleConfig] - RegisterHomeBundles <-- Start
2017/07/20 09:11:38,285 [INFO ] [BundleConfig] - RegisterHomeBundles --> End
2017/07/20 09:11:38,289 [INFO ] [BundleConfig] - RegisterBundles --> End
2017/07/20 09:11:38,293 [INFO ] [MvcApplication] - Application_Start --> End
2017/07/20 09:11:38,331 [INFO ] [MvcApplication] - Session_Start <-- start
2017/07/20 09:11:38,336 [INFO ] [MvcApplication] - InitLocalization <-- start
2017/07/20 09:11:38,361 [INFO ] [MvcApplication] - InitLocalization --> End
2017/07/20 09:11:38,365 [INFO ] [MvcApplication] - Session_Start --> End
2017/07/20 09:30:06,367 [INFO ] [MvcApplication] - Application_Start <-- start
2017/07/20 09:30:06,433 [DEBUG] [BootStrapper] - CreateComposition <-- Start
2017/07/20 09:30:06,464 [DEBUG] [BootStrapper] - CreateComposition --> End
2017/07/20 09:30:06,484 [INFO ] [BundleConfig] - RegisterBundles <-- Start
2017/07/20 09:30:06,488 [INFO ] [BundleConfig] - RegisterAdminBundles <-- Start
2017/07/20 09:30:06,505 [INFO ] [BundleConfig] - RegisterAdminBundles --> End
2017/07/20 09:30:06,510 [INFO ] [BundleConfig] - RegisterHomeBundles <-- Start
2017/07/20 09:30:06,517 [INFO ] [BundleConfig] - RegisterHomeBundles --> End
2017/07/20 09:30:06,521 [INFO ] [BundleConfig] - RegisterBundles --> End
2017/07/20 09:30:06,526 [INFO ] [MvcApplication] - Application_Start --> End
2017/07/20 09:30:06,561 [INFO ] [MvcApplication] - Session_Start <-- start
2017/07/20 09:30:06,565 [INFO ] [MvcApplication] - InitLocalization <-- start
2017/07/20 09:30:06,584 [INFO ] [MvcApplication] - InitLocalization --> End
2017/07/20 09:30:06,589 [INFO ] [MvcApplication] - Session_Start --> End
2017/07/24 13:23:24,306 [INFO ] [MvcApplication] - Application_Start <-- start
2017/07/24 13:23:24,396 [DEBUG] [BootStrapper] - CreateComposition <-- Start
2017/07/24 13:23:24,405 [DEBUG] [BootStrapper] - CreateComposition --> End
2017/07/24 13:23:24,934 [INFO ] [BundleConfig] - RegisterBundles <-- Start
2017/07/24 13:23:24,940 [INFO ] [BundleConfig] - RegisterAdminBundles <-- Start
2017/07/24 13:23:25,036 [INFO ] [BundleConfig] - RegisterAdminBundles --> End
2017/07/24 13:23:25,040 [INFO ] [BundleConfig] - RegisterHomeBundles <-- Start
2017/07/24 13:23:25,047 [INFO ] [BundleConfig] - RegisterHomeBundles --> End
2017/07/24 13:23:25,054 [INFO ] [BundleConfig] - RegisterBundles --> End
2017/07/24 13:23:25,061 [INFO ] [MvcApplication] - Application_Start --> End
2017/07/24 13:23:25,347 [INFO ] [MvcApplication] - Session_Start <-- start
2017/07/24 13:23:25,355 [INFO ] [MvcApplication] - InitLocalization <-- start
2017/07/24 13:23:25,893 [INFO ] [MvcApplication] - InitLocalization --> End
2017/07/24 13:23:25,899 [INFO ] [MvcApplication] - Session_Start --> End
2017/07/24 18:35:18,595 [INFO ] [MvcApplication] - Application_Start <-- start
2017/07/24 18:35:18,644 [DEBUG] [BootStrapper] - CreateComposition <-- Start
2017/07/24 18:35:18,682 [DEBUG] [BootStrapper] - CreateComposition --> End
2017/07/24 18:35:20,951 [INFO ] [BundleConfig] - RegisterBundles <-- Start
2017/07/24 18:35:20,955 [INFO ] [BundleConfig] - RegisterAdminBundles <-- Start
2017/07/24 18:35:21,003 [INFO ] [BundleConfig] - RegisterAdminBundles --> End
2017/07/24 18:35:21,010 [INFO ] [BundleConfig] - RegisterHomeBundles <-- Start
2017/07/24 18:35:21,021 [INFO ] [BundleConfig] - RegisterHomeBundles --> End
2017/07/24 18:35:21,027 [INFO ] [BundleConfig] - RegisterBundles --> End
2017/07/24 18:35:21,033 [INFO ] [MvcApplication] - Application_Start --> End
2017/07/24 18:35:21,311 [INFO ] [MvcApplication] - Session_Start <-- start
2017/07/24 18:35:21,316 [INFO ] [MvcApplication] - InitLocalization <-- start
2017/07/24 18:35:21,495 [INFO ] [MvcApplication] - InitLocalization --> End
2017/07/24 18:35:21,499 [INFO ] [MvcApplication] - Session_Start --> End
2017/07/24 18:36:24,648 [INFO ] [MvcApplication] - Application_Start <-- start
2017/07/24 18:36:24,765 [DEBUG] [BootStrapper] - CreateComposition <-- Start
2017/07/24 18:36:24,813 [DEBUG] [BootStrapper] - CreateComposition --> End
2017/07/24 18:36:24,846 [INFO ] [BundleConfig] - RegisterBundles <-- Start
2017/07/24 18:36:24,852 [INFO ] [BundleConfig] - RegisterAdminBundles <-- Start
2017/07/24 18:36:24,877 [INFO ] [BundleConfig] - RegisterAdminBundles --> End
2017/07/24 18:36:24,881 [INFO ] [BundleConfig] - RegisterHomeBundles <-- Start
2017/07/24 18:36:24,890 [INFO ] [BundleConfig] - RegisterHomeBundles --> End
2017/07/24 18:36:24,895 [INFO ] [BundleConfig] - RegisterBundles --> End
2017/07/24 18:36:24,900 [INFO ] [MvcApplication] - Application_Start --> End
2017/07/24 18:36:24,973 [INFO ] [MvcApplication] - Session_Start <-- start
2017/07/24 18:36:24,979 [INFO ] [MvcApplication] - InitLocalization <-- start
2017/07/24 18:36:25,092 [INFO ] [MvcApplication] - InitLocalization --> End
2017/07/24 18:36:25,096 [INFO ] [MvcApplication] - Session_Start --> End
2017/07/24 18:37:21,571 [INFO ] [MvcApplication] - Application_Start <-- start
2017/07/24 18:37:21,593 [DEBUG] [BootStrapper] - CreateComposition <-- Start
2017/07/24 18:37:21,605 [DEBUG] [BootStrapper] - CreateComposition --> End
2017/07/24 18:37:21,944 [INFO ] [BundleConfig] - RegisterBundles <-- Start
2017/07/24 18:37:21,948 [INFO ] [BundleConfig] - RegisterAdminBundles <-- Start
2017/07/24 18:37:21,973 [INFO ] [BundleConfig] - RegisterAdminBundles --> End
2017/07/24 18:37:21,977 [INFO ] [BundleConfig] - RegisterHomeBundles <-- Start
2017/07/24 18:37:21,985 [INFO ] [BundleConfig] - RegisterHomeBundles --> End
2017/07/24 18:37:21,989 [INFO ] [BundleConfig] - RegisterBundles --> End
2017/07/24 18:37:21,993 [INFO ] [MvcApplication] - Application_Start --> End
2017/07/24 18:37:22,097 [INFO ] [MvcApplication] - Session_Start <-- start
2017/07/24 18:37:22,103 [INFO ] [MvcApplication] - InitLocalization <-- start
2017/07/24 18:37:22,185 [INFO ] [MvcApplication] - InitLocalization --> End
2017/07/24 18:37:22,190 [INFO ] [MvcApplication] - Session_Start --> End
2017/07/24 19:22:15,330 [INFO ] [MvcApplication] - Session_Start <-- start
2017/07/24 19:22:15,375 [INFO ] [MvcApplication] - InitLocalization <-- start
2017/07/24 19:22:15,381 [INFO ] [MvcApplication] - InitLocalization --> End
2017/07/24 19:22:15,386 [INFO ] [MvcApplication] - Session_Start --> End
2017/07/26 19:01:31,256 [INFO ] [MvcApplication] - Application_Start <-- start
2017/07/26 19:01:31,386 [DEBUG] [BootStrapper] - CreateComposition <-- Start
2017/07/26 19:01:31,451 [DEBUG] [BootStrapper] - CreateComposition --> End
2017/07/26 19:01:37,029 [INFO ] [BundleConfig] - RegisterBundles <-- Start
2017/07/26 19:01:37,053 [INFO ] [BundleConfig] - RegisterAdminBundles <-- Start
2017/07/26 19:01:37,144 [INFO ] [BundleConfig] - RegisterAdminBundles --> End
2017/07/26 19:01:37,151 [INFO ] [BundleConfig] - RegisterHomeBundles <-- Start
2017/07/26 19:01:37,164 [INFO ] [BundleConfig] - RegisterHomeBundles --> End
2017/07/26 19:01:37,169 [INFO ] [BundleConfig] - RegisterBundles --> End
2017/07/26 19:01:37,174 [INFO ] [MvcApplication] - Application_Start --> End
2017/07/26 19:01:38,219 [INFO ] [MvcApplication] - Session_Start <-- start
2017/07/26 19:01:38,263 [INFO ] [MvcApplication] - InitLocalization <-- start
2017/07/26 19:01:38,759 [INFO ] [MvcApplication] - InitLocalization --> End
2017/07/26 19:01:38,771 [INFO ] [MvcApplication] - Session_Start --> End
2017/07/26 19:32:13,564 [INFO ] [MvcApplication] - Session_Start <-- start
2017/07/26 19:32:13,607 [INFO ] [MvcApplication] - InitLocalization <-- start
2017/07/26 19:32:13,613 [INFO ] [MvcApplication] - InitLocalization --> End
2017/07/26 19:32:13,618 [INFO ] [MvcApplication] - Session_Start --> End
2017/07/26 20:01:04,305 [INFO ] [MvcApplication] - Application_Start <-- start
2017/07/26 20:01:04,362 [DEBUG] [BootStrapper] - CreateComposition <-- Start
2017/07/26 20:01:04,373 [DEBUG] [BootStrapper] - CreateComposition --> End
2017/07/26 20:01:05,022 [INFO ] [BundleConfig] - RegisterBundles <-- Start
2017/07/26 20:01:05,026 [INFO ] [BundleConfig] - RegisterAdminBundles <-- Start
2017/07/26 20:01:05,056 [INFO ] [BundleConfig] - RegisterAdminBundles --> End
2017/07/26 20:01:05,061 [INFO ] [BundleConfig] - RegisterHomeBundles <-- Start
2017/07/26 20:01:05,070 [INFO ] [BundleConfig] - RegisterHomeBundles --> End
2017/07/26 20:01:05,074 [INFO ] [BundleConfig] - RegisterBundles --> End
2017/07/26 20:01:05,079 [INFO ] [MvcApplication] - Application_Start --> End
2017/07/26 20:01:05,184 [INFO ] [MvcApplication] - Session_Start <-- start
2017/07/26 20:01:05,188 [INFO ] [MvcApplication] - InitLocalization <-- start
2017/07/26 20:01:05,216 [INFO ] [MvcApplication] - InitLocalization --> End
2017/07/26 20:01:05,221 [INFO ] [MvcApplication] - Session_Start --> End
2017/07/26 20:02:14,702 [INFO ] [MvcApplication] - Application_Start <-- start
2017/07/26 20:02:14,719 [DEBUG] [BootStrapper] - CreateComposition <-- Start
2017/07/26 20:02:14,729 [DEBUG] [BootStrapper] - CreateComposition --> End
2017/07/26 20:02:15,054 [INFO ] [BundleConfig] - RegisterBundles <-- Start
2017/07/26 20:02:15,059 [INFO ] [BundleConfig] - RegisterAdminBundles <-- Start
2017/07/26 20:02:15,081 [INFO ] [BundleConfig] - RegisterAdminBundles --> End
2017/07/26 20:02:15,086 [INFO ] [BundleConfig] - RegisterHomeBundles <-- Start
2017/07/26 20:02:15,095 [INFO ] [BundleConfig] - RegisterHomeBundles --> End
2017/07/26 20:02:15,100 [INFO ] [BundleConfig] - RegisterBundles --> End
2017/07/26 20:02:15,104 [INFO ] [MvcApplication] - Application_Start --> End
2017/07/26 20:02:15,180 [INFO ] [MvcApplication] - Session_Start <-- start
2017/07/26 20:02:15,185 [INFO ] [MvcApplication] - InitLocalization <-- start
2017/07/26 20:02:15,211 [INFO ] [MvcApplication] - InitLocalization --> End
2017/07/26 20:02:15,217 [INFO ] [MvcApplication] - Session_Start --> End
2017/07/26 20:05:29,989 [INFO ] [MvcApplication] - Application_Start <-- start
2017/07/26 20:05:30,035 [DEBUG] [BootStrapper] - CreateComposition <-- Start
2017/07/26 20:05:30,052 [DEBUG] [BootStrapper] - CreateComposition --> End
2017/07/26 20:05:30,511 [INFO ] [BundleConfig] - RegisterBundles <-- Start
2017/07/26 20:05:30,515 [INFO ] [BundleConfig] - RegisterAdminBundles <-- Start
2017/07/26 20:05:30,539 [INFO ] [BundleConfig] - RegisterAdminBundles --> End
2017/07/26 20:05:30,545 [INFO ] [BundleConfig] - RegisterHomeBundles <-- Start
2017/07/26 20:05:30,554 [INFO ] [BundleConfig] - RegisterHomeBundles --> End
2017/07/26 20:05:30,559 [INFO ] [BundleConfig] - RegisterBundles --> End
2017/07/26 20:05:30,565 [INFO ] [MvcApplication] - Application_Start --> End
2017/07/26 20:05:30,643 [INFO ] [MvcApplication] - Session_Start <-- start
2017/07/26 20:05:30,649 [INFO ] [MvcApplication] - InitLocalization <-- start
2017/07/26 20:05:30,675 [INFO ] [MvcApplication] - InitLocalization --> End
2017/07/26 20:05:30,681 [INFO ] [MvcApplication] - Session_Start --> End
2017/07/26 20:26:59,066 [INFO ] [MvcApplication] - Application_Start <-- start
2017/07/26 20:26:59,207 [DEBUG] [BootStrapper] - CreateComposition <-- Start
2017/07/26 20:26:59,243 [DEBUG] [BootStrapper] - CreateComposition --> End
2017/07/26 20:26:59,268 [INFO ] [BundleConfig] - RegisterBundles <-- Start
2017/07/26 20:26:59,274 [INFO ] [BundleConfig] - RegisterAdminBundles <-- Start
2017/07/26 20:26:59,303 [INFO ] [BundleConfig] - RegisterAdminBundles --> End
2017/07/26 20:26:59,311 [INFO ] [BundleConfig] - RegisterHomeBundles <-- Start
2017/07/26 20:26:59,322 [INFO ] [BundleConfig] - RegisterHomeBundles --> End
2017/07/26 20:26:59,330 [INFO ] [BundleConfig] - RegisterBundles --> End
2017/07/26 20:26:59,335 [INFO ] [MvcApplication] - Application_Start --> End
2017/07/26 20:26:59,403 [INFO ] [MvcApplication] - Session_Start <-- start
2017/07/26 20:26:59,417 [INFO ] [MvcApplication] - InitLocalization <-- start
2017/07/26 20:26:59,469 [INFO ] [MvcApplication] - InitLocalization --> End
2017/07/26 20:26:59,478 [INFO ] [MvcApplication] - Session_Start --> End
2017/07/26 20:46:05,105 [INFO ] [MvcApplication] - Application_Start <-- start
2017/07/26 20:46:05,207 [DEBUG] [BootStrapper] - CreateComposition <-- Start
2017/07/26 20:46:05,251 [DEBUG] [BootStrapper] - CreateComposition --> End
2017/07/26 20:46:05,279 [INFO ] [BundleConfig] - RegisterBundles <-- Start
2017/07/26 20:46:05,291 [INFO ] [BundleConfig] - RegisterAdminBundles <-- Start
2017/07/26 20:46:05,319 [INFO ] [BundleConfig] - RegisterAdminBundles --> End
2017/07/26 20:46:05,326 [INFO ] [BundleConfig] - RegisterHomeBundles <-- Start
2017/07/26 20:46:05,336 [INFO ] [BundleConfig] - RegisterHomeBundles --> End
2017/07/26 20:46:05,342 [INFO ] [BundleConfig] - RegisterBundles --> End
2017/07/26 20:46:05,349 [INFO ] [MvcApplication] - Application_Start --> End
2017/07/26 20:46:05,394 [INFO ] [MvcApplication] - Session_Start <-- start
2017/07/26 20:46:05,401 [INFO ] [MvcApplication] - InitLocalization <-- start
2017/07/26 20:46:05,424 [INFO ] [MvcApplication] - InitLocalization --> End
2017/07/26 20:46:05,430 [INFO ] [MvcApplication] - Session_Start --> End
2017/07/26 21:00:18,369 [INFO ] [MvcApplication] - Application_Start <-- start
2017/07/26 21:00:18,456 [DEBUG] [BootStrapper] - CreateComposition <-- Start
2017/07/26 21:00:18,497 [DEBUG] [BootStrapper] - CreateComposition --> End
2017/07/26 21:00:18,522 [INFO ] [BundleConfig] - RegisterBundles <-- Start
2017/07/26 21:00:18,530 [INFO ] [BundleConfig] - RegisterAdminBundles <-- Start
2017/07/26 21:00:18,553 [INFO ] [BundleConfig] - RegisterAdminBundles --> End
2017/07/26 21:00:18,560 [INFO ] [BundleConfig] - RegisterHomeBundles <-- Start
2017/07/26 21:00:18,570 [INFO ] [BundleConfig] - RegisterHomeBundles --> End
2017/07/26 21:00:18,575 [INFO ] [BundleConfig] - RegisterBundles --> End
2017/07/26 21:00:18,582 [INFO ] [MvcApplication] - Application_Start --> End
2017/07/26 21:00:18,624 [INFO ] [MvcApplication] - Session_Start <-- start
2017/07/26 21:00:18,632 [INFO ] [MvcApplication] - InitLocalization <-- start
2017/07/26 21:00:18,658 [INFO ] [MvcApplication] - InitLocalization --> End
2017/07/26 21:00:18,664 [INFO ] [MvcApplication] - Session_Start --> End
2017/07/26 21:20:42,586 [INFO ] [MvcApplication] - Application_Start <-- start
2017/07/26 21:20:42,675 [DEBUG] [BootStrapper] - CreateComposition <-- Start
2017/07/26 21:20:42,714 [DEBUG] [BootStrapper] - CreateComposition --> End
2017/07/26 21:20:42,743 [INFO ] [BundleConfig] - RegisterBundles <-- Start
2017/07/26 21:20:42,752 [INFO ] [BundleConfig] - RegisterAdminBundles <-- Start
2017/07/26 21:20:42,775 [INFO ] [BundleConfig] - RegisterAdminBundles --> End
2017/07/26 21:20:42,783 [INFO ] [BundleConfig] - RegisterHomeBundles <-- Start
2017/07/26 21:20:42,796 [INFO ] [BundleConfig] - RegisterHomeBundles --> End
2017/07/26 21:20:42,803 [INFO ] [BundleConfig] - RegisterBundles --> End
2017/07/26 21:20:42,810 [INFO ] [MvcApplication] - Application_Start --> End
2017/07/26 21:20:42,873 [INFO ] [MvcApplication] - Session_Start <-- start
2017/07/26 21:20:42,884 [INFO ] [MvcApplication] - InitLocalization <-- start
2017/07/26 21:20:42,921 [INFO ] [MvcApplication] - InitLocalization --> End
2017/07/26 21:20:42,931 [INFO ] [MvcApplication] - Session_Start --> End
2017/07/26 21:20:46,529 [INFO ] [MvcApplication] - Session_Start <-- start
2017/07/26 21:20:46,538 [INFO ] [MvcApplication] - InitLocalization <-- start
2017/07/26 21:20:46,545 [INFO ] [MvcApplication] - InitLocalization --> End
2017/07/26 21:20:46,551 [INFO ] [MvcApplication] - Session_Start --> End
2017/07/26 21:44:39,576 [INFO ] [MvcApplication] - Application_Start <-- start
2017/07/26 21:44:39,651 [DEBUG] [BootStrapper] - CreateComposition <-- Start
2017/07/26 21:44:39,694 [DEBUG] [BootStrapper] - CreateComposition --> End
2017/07/26 21:44:39,717 [INFO ] [BundleConfig] - RegisterBundles <-- Start
2017/07/26 21:44:39,725 [INFO ] [BundleConfig] - RegisterAdminBundles <-- Start
2017/07/26 21:44:39,752 [INFO ] [BundleConfig] - RegisterAdminBundles --> End
2017/07/26 21:44:39,758 [INFO ] [BundleConfig] - RegisterHomeBundles <-- Start
2017/07/26 21:44:39,769 [INFO ] [BundleConfig] - RegisterHomeBundles --> End
2017/07/26 21:44:39,775 [INFO ] [BundleConfig] - RegisterBundles --> End
2017/07/26 21:44:39,782 [INFO ] [MvcApplication] - Application_Start --> End
2017/07/26 21:44:39,824 [INFO ] [MvcApplication] - Session_Start <-- start
2017/07/26 21:44:39,826 [INFO ] [MvcApplication] - InitLocalization <-- start
2017/07/26 21:44:39,865 [INFO ] [MvcApplication] - InitLocalization --> End
2017/07/26 21:44:39,872 [INFO ] [MvcApplication] - Session_Start --> End
2017/07/26 22:15:20,855 [INFO ] [MvcApplication] - Application_Start <-- start
2017/07/26 22:15:20,949 [DEBUG] [BootStrapper] - CreateComposition <-- Start
2017/07/26 22:15:20,992 [DEBUG] [BootStrapper] - CreateComposition --> End
2017/07/26 22:15:21,017 [INFO ] [BundleConfig] - RegisterBundles <-- Start
2017/07/26 22:15:21,024 [INFO ] [BundleConfig] - RegisterAdminBundles <-- Start
2017/07/26 22:15:21,049 [INFO ] [BundleConfig] - RegisterAdminBundles --> End
2017/07/26 22:15:21,051 [INFO ] [BundleConfig] - RegisterHomeBundles <-- Start
2017/07/26 22:15:21,051 [INFO ] [BundleConfig] - RegisterHomeBundles --> End
2017/07/26 22:15:21,073 [INFO ] [BundleConfig] - RegisterBundles --> End
2017/07/26 22:15:21,079 [INFO ] [MvcApplication] - Application_Start --> End
2017/07/26 22:15:21,122 [INFO ] [MvcApplication] - Session_Start <-- start
2017/07/26 22:15:21,128 [INFO ] [MvcApplication] - InitLocalization <-- start
2017/07/26 22:15:21,152 [INFO ] [MvcApplication] - InitLocalization --> End
2017/07/26 22:15:21,154 [INFO ] [MvcApplication] - Session_Start --> End
2017/07/26 22:49:46,134 [INFO ] [MvcApplication] - Application_Start <-- start
2017/07/26 22:49:46,225 [DEBUG] [BootStrapper] - CreateComposition <-- Start
2017/07/26 22:49:46,268 [DEBUG] [BootStrapper] - CreateComposition --> End
2017/07/26 22:49:46,289 [INFO ] [BundleConfig] - RegisterBundles <-- Start
2017/07/26 22:49:46,299 [INFO ] [BundleConfig] - RegisterAdminBundles <-- Start
2017/07/26 22:49:46,326 [INFO ] [BundleConfig] - RegisterAdminBundles --> End
2017/07/26 22:49:46,336 [INFO ] [BundleConfig] - RegisterHomeBundles <-- Start
2017/07/26 22:49:46,350 [INFO ] [BundleConfig] - RegisterHomeBundles --> End
2017/07/26 22:49:46,358 [INFO ] [BundleConfig] - RegisterBundles --> End
2017/07/26 22:49:46,366 [INFO ] [MvcApplication] - Application_Start --> End
2017/07/26 22:49:46,416 [INFO ] [MvcApplication] - Session_Start <-- start
2017/07/26 22:49:46,422 [INFO ] [MvcApplication] - InitLocalization <-- start
2017/07/26 22:49:46,459 [INFO ] [MvcApplication] - InitLocalization --> End
2017/07/26 22:49:46,464 [INFO ] [MvcApplication] - Session_Start --> End
2017/07/27 15:14:31,253 [INFO ] [MvcApplication] - Application_Start <-- start
2017/07/27 15:14:31,290 [DEBUG] [BootStrapper] - CreateComposition <-- Start
2017/07/27 15:14:31,367 [DEBUG] [BootStrapper] - CreateComposition --> End
2017/07/27 15:14:34,295 [INFO ] [BundleConfig] - RegisterBundles <-- Start
2017/07/27 15:14:34,302 [INFO ] [BundleConfig] - RegisterAdminBundles <-- Start
2017/07/27 15:14:34,379 [INFO ] [BundleConfig] - RegisterAdminBundles --> End
2017/07/27 15:14:34,391 [INFO ] [BundleConfig] - RegisterHomeBundles <-- Start
2017/07/27 15:14:34,407 [INFO ] [BundleConfig] - RegisterHomeBundles --> End
2017/07/27 15:14:34,418 [INFO ] [BundleConfig] - RegisterBundles --> End
2017/07/27 15:14:34,428 [INFO ] [MvcApplication] - Application_Start --> End
2017/07/27 15:14:35,320 [INFO ] [MvcApplication] - Session_Start <-- start
2017/07/27 15:14:35,331 [INFO ] [MvcApplication] - InitLocalization <-- start
2017/07/27 15:14:35,568 [INFO ] [MvcApplication] - InitLocalization --> End
2017/07/27 15:14:35,578 [INFO ] [MvcApplication] - Session_Start --> End
2017/07/27 16:01:42,762 [INFO ] [MvcApplication] - Application_Start <-- start
2017/07/27 16:01:42,852 [DEBUG] [BootStrapper] - CreateComposition <-- Start
2017/07/27 16:01:42,891 [DEBUG] [BootStrapper] - CreateComposition --> End
2017/07/27 16:01:42,921 [INFO ] [BundleConfig] - RegisterBundles <-- Start
2017/07/27 16:01:42,928 [INFO ] [BundleConfig] - RegisterAdminBundles <-- Start
2017/07/27 16:01:42,959 [INFO ] [BundleConfig] - RegisterAdminBundles --> End
2017/07/27 16:01:42,966 [INFO ] [BundleConfig] - RegisterHomeBundles <-- Start
2017/07/27 16:01:42,978 [INFO ] [BundleConfig] - RegisterHomeBundles --> End
2017/07/27 16:01:42,986 [INFO ] [BundleConfig] - RegisterBundles --> End
2017/07/27 16:01:42,991 [INFO ] [MvcApplication] - Application_Start --> End
2017/07/27 16:01:43,084 [INFO ] [MvcApplication] - Session_Start <-- start
2017/07/27 16:01:43,091 [INFO ] [MvcApplication] - InitLocalization <-- start
2017/07/27 16:01:43,120 [INFO ] [MvcApplication] - InitLocalization --> End
2017/07/27 16:01:43,129 [INFO ] [MvcApplication] - Session_Start --> End
2017/08/02 15:48:37,184 [INFO ] [MvcApplication] - Application_Start <-- start
2017/08/02 15:48:37,215 [DEBUG] [BootStrapper] - CreateComposition <-- Start
2017/08/02 15:48:37,226 [DEBUG] [BootStrapper] - CreateComposition --> End
2017/08/02 15:48:37,946 [INFO ] [BundleConfig] - RegisterBundles <-- Start
2017/08/02 15:48:37,953 [INFO ] [BundleConfig] - RegisterAdminBundles <-- Start
2017/08/02 15:48:37,983 [INFO ] [BundleConfig] - RegisterAdminBundles --> End
2017/08/02 15:48:37,989 [INFO ] [BundleConfig] - RegisterHomeBundles <-- Start
2017/08/02 15:48:38,002 [INFO ] [BundleConfig] - RegisterHomeBundles --> End
2017/08/02 15:48:38,010 [INFO ] [BundleConfig] - RegisterBundles --> End
2017/08/02 15:48:38,019 [INFO ] [MvcApplication] - Application_Start --> End
2017/08/02 15:48:38,171 [INFO ] [MvcApplication] - Session_Start <-- start
2017/08/02 15:48:38,177 [INFO ] [MvcApplication] - InitLocalization <-- start
2017/08/02 15:48:38,254 [INFO ] [MvcApplication] - InitLocalization --> End
2017/08/02 15:48:38,261 [INFO ] [MvcApplication] - Session_Start --> End
2017/08/02 16:19:01,447 [INFO ] [MvcApplication] - Session_Start <-- start
2017/08/02 16:19:01,465 [INFO ] [MvcApplication] - InitLocalization <-- start
2017/08/02 16:19:01,480 [INFO ] [MvcApplication] - InitLocalization --> End
2017/08/02 16:19:01,492 [INFO ] [MvcApplication] - Session_Start --> End
2017/08/02 17:22:47,113 [INFO ] [MvcApplication] - Session_Start <-- start
2017/08/02 17:22:47,124 [INFO ] [MvcApplication] - InitLocalization <-- start
2017/08/02 17:22:47,137 [INFO ] [MvcApplication] - InitLocalization --> End
2017/08/02 17:22:47,146 [INFO ] [MvcApplication] - Session_Start --> End
2017/08/02 17:28:36,754 [INFO ] [MvcApplication] - Application_Start <-- start
2017/08/02 17:28:36,834 [DEBUG] [BootStrapper] - CreateComposition <-- Start
2017/08/02 17:28:36,868 [DEBUG] [BootStrapper] - CreateComposition --> End
2017/08/02 17:28:36,898 [INFO ] [BundleConfig] - RegisterBundles <-- Start
2017/08/02 17:28:36,905 [INFO ] [BundleConfig] - RegisterAdminBundles <-- Start
2017/08/02 17:28:36,933 [INFO ] [BundleConfig] - RegisterAdminBundles --> End
2017/08/02 17:28:36,939 [INFO ] [BundleConfig] - RegisterHomeBundles <-- Start
2017/08/02 17:28:36,950 [INFO ] [BundleConfig] - RegisterHomeBundles --> End
2017/08/02 17:28:36,957 [INFO ] [BundleConfig] - RegisterBundles --> End
2017/08/02 17:28:36,962 [INFO ] [MvcApplication] - Application_Start --> End
2017/08/02 17:28:37,010 [INFO ] [MvcApplication] - Session_Start <-- start
2017/08/02 17:28:37,015 [INFO ] [MvcApplication] - InitLocalization <-- start
2017/08/02 17:28:37,044 [INFO ] [MvcApplication] - InitLocalization --> End
2017/08/02 17:28:37,050 [INFO ] [MvcApplication] - Session_Start --> End
2017/08/02 17:31:18,209 [INFO ] [MvcApplication] - Application_Start <-- start
2017/08/02 17:31:18,297 [DEBUG] [BootStrapper] - CreateComposition <-- Start
2017/08/02 17:31:18,337 [DEBUG] [BootStrapper] - CreateComposition --> End
2017/08/02 17:31:18,359 [INFO ] [BundleConfig] - RegisterBundles <-- Start
2017/08/02 17:31:18,367 [INFO ] [BundleConfig] - RegisterAdminBundles <-- Start
2017/08/02 17:31:18,385 [INFO ] [BundleConfig] - RegisterAdminBundles --> End
2017/08/02 17:31:18,391 [INFO ] [BundleConfig] - RegisterHomeBundles <-- Start
2017/08/02 17:31:18,403 [INFO ] [BundleConfig] - RegisterHomeBundles --> End
2017/08/02 17:31:18,411 [INFO ] [BundleConfig] - RegisterBundles --> End
2017/08/02 17:31:18,416 [INFO ] [MvcApplication] - Application_Start --> End
2017/08/02 17:31:18,458 [INFO ] [MvcApplication] - Session_Start <-- start
2017/08/02 17:31:18,466 [INFO ] [MvcApplication] - InitLocalization <-- start
2017/08/02 17:31:18,493 [INFO ] [MvcApplication] - InitLocalization --> End
2017/08/02 17:31:18,498 [INFO ] [MvcApplication] - Session_Start --> End
2017/08/02 17:34:37,265 [INFO ] [MvcApplication] - Application_Start <-- start
2017/08/02 17:34:37,345 [DEBUG] [BootStrapper] - CreateComposition <-- Start
2017/08/02 17:34:37,377 [DEBUG] [BootStrapper] - CreateComposition --> End
2017/08/02 17:34:37,401 [INFO ] [BundleConfig] - RegisterBundles <-- Start
2017/08/02 17:34:37,408 [INFO ] [BundleConfig] - RegisterAdminBundles <-- Start
2017/08/02 17:34:37,433 [INFO ] [BundleConfig] - RegisterAdminBundles --> End
2017/08/02 17:34:37,440 [INFO ] [BundleConfig] - RegisterHomeBundles <-- Start
2017/08/02 17:34:37,450 [INFO ] [BundleConfig] - RegisterHomeBundles --> End
2017/08/02 17:34:37,458 [INFO ] [BundleConfig] - RegisterBundles --> End
2017/08/02 17:34:37,463 [INFO ] [MvcApplication] - Application_Start --> End
2017/08/02 17:34:37,505 [INFO ] [MvcApplication] - Session_Start <-- start
2017/08/02 17:34:37,512 [INFO ] [MvcApplication] - InitLocalization <-- start
2017/08/02 17:34:37,545 [INFO ] [MvcApplication] - InitLocalization --> End
2017/08/02 17:34:37,555 [INFO ] [MvcApplication] - Session_Start --> End
2017/08/02 17:43:29,631 [INFO ] [MvcApplication] - Application_Start <-- start
2017/08/02 17:43:29,730 [DEBUG] [BootStrapper] - CreateComposition <-- Start
2017/08/02 17:43:29,773 [DEBUG] [BootStrapper] - CreateComposition --> End
2017/08/02 17:43:29,795 [INFO ] [BundleConfig] - RegisterBundles <-- Start
2017/08/02 17:43:29,803 [INFO ] [BundleConfig] - RegisterAdminBundles <-- Start
2017/08/02 17:43:29,824 [INFO ] [BundleConfig] - RegisterAdminBundles --> End
2017/08/02 17:43:29,829 [INFO ] [BundleConfig] - RegisterHomeBundles <-- Start
2017/08/02 17:43:29,839 [INFO ] [BundleConfig] - RegisterHomeBundles --> End
2017/08/02 17:43:29,845 [INFO ] [BundleConfig] - RegisterBundles --> End
2017/08/02 17:43:29,850 [INFO ] [MvcApplication] - Application_Start --> End
2017/08/02 17:43:29,890 [INFO ] [MvcApplication] - Session_Start <-- start
2017/08/02 17:43:29,895 [INFO ] [MvcApplication] - InitLocalization <-- start
2017/08/02 17:43:29,919 [INFO ] [MvcApplication] - InitLocalization --> End
2017/08/02 17:43:29,924 [INFO ] [MvcApplication] - Session_Start --> End
2017/08/02 17:44:44,663 [INFO ] [MvcApplication] - Session_Start <-- start
2017/08/02 17:44:44,670 [INFO ] [MvcApplication] - InitLocalization <-- start
2017/08/02 17:44:44,679 [INFO ] [MvcApplication] - InitLocalization --> End
2017/08/02 17:44:44,686 [INFO ] [MvcApplication] - Session_Start --> End
2017/08/02 17:47:25,470 [INFO ] [MvcApplication] - Session_Start <-- start
2017/08/02 17:47:25,477 [INFO ] [MvcApplication] - InitLocalization <-- start
2017/08/02 17:47:25,487 [INFO ] [MvcApplication] - InitLocalization --> End
2017/08/02 17:47:25,492 [INFO ] [MvcApplication] - Session_Start --> End
2017/08/02 17:48:00,468 [INFO ] [MvcApplication] - Session_Start <-- start
2017/08/02 17:48:00,474 [INFO ] [MvcApplication] - InitLocalization <-- start
2017/08/02 17:48:00,486 [INFO ] [MvcApplication] - InitLocalization --> End
2017/08/02 17:48:00,493 [INFO ] [MvcApplication] - Session_Start --> End
2017/08/02 17:48:25,241 [INFO ] [MvcApplication] - Session_Start <-- start
2017/08/02 17:48:25,249 [INFO ] [MvcApplication] - InitLocalization <-- start
2017/08/02 17:48:25,257 [INFO ] [MvcApplication] - InitLocalization --> End
2017/08/02 17:48:25,265 [INFO ] [MvcApplication] - Session_Start --> End
2017/08/02 17:49:25,218 [INFO ] [MvcApplication] - Session_Start <-- start
2017/08/02 17:49:25,226 [INFO ] [MvcApplication] - InitLocalization <-- start
2017/08/02 17:49:25,267 [INFO ] [MvcApplication] - InitLocalization --> End
2017/08/02 17:49:25,275 [INFO ] [MvcApplication] - Session_Start --> End
2017/08/02 17:49:40,162 [INFO ] [MvcApplication] - Session_Start <-- start
2017/08/02 17:49:40,175 [INFO ] [MvcApplication] - InitLocalization <-- start
2017/08/02 17:49:40,184 [INFO ] [MvcApplication] - InitLocalization --> End
2017/08/02 17:49:40,192 [INFO ] [MvcApplication] - Session_Start --> End
2017/08/02 17:49:51,758 [INFO ] [MvcApplication] - Session_Start <-- start
2017/08/02 17:49:51,767 [INFO ] [MvcApplication] - InitLocalization <-- start
2017/08/02 17:49:51,775 [INFO ] [MvcApplication] - InitLocalization --> End
2017/08/02 17:49:51,782 [INFO ] [MvcApplication] - Session_Start --> End
2017/08/02 17:49:58,336 [INFO ] [MvcApplication] - Session_Start <-- start
2017/08/02 17:49:58,343 [INFO ] [MvcApplication] - InitLocalization <-- start
2017/08/02 17:49:58,349 [INFO ] [MvcApplication] - InitLocalization --> End
2017/08/02 17:49:58,356 [INFO ] [MvcApplication] - Session_Start --> End
2017/08/02 17:51:16,876 [INFO ] [MvcApplication] - Application_Start <-- start
2017/08/02 17:51:16,969 [DEBUG] [BootStrapper] - CreateComposition <-- Start
2017/08/02 17:51:17,010 [DEBUG] [BootStrapper] - CreateComposition --> End
2017/08/02 17:51:17,040 [INFO ] [BundleConfig] - RegisterBundles <-- Start
2017/08/02 17:51:17,049 [INFO ] [BundleConfig] - RegisterAdminBundles <-- Start
2017/08/02 17:51:17,082 [INFO ] [BundleConfig] - RegisterAdminBundles --> End
2017/08/02 17:51:17,092 [INFO ] [BundleConfig] - RegisterHomeBundles <-- Start
2017/08/02 17:51:17,117 [INFO ] [BundleConfig] - RegisterHomeBundles --> End
2017/08/02 17:51:17,126 [INFO ] [BundleConfig] - RegisterBundles --> End
2017/08/02 17:51:17,137 [INFO ] [MvcApplication] - Application_Start --> End
2017/08/02 17:51:17,194 [INFO ] [MvcApplication] - Session_Start <-- start
2017/08/02 17:51:17,206 [INFO ] [MvcApplication] - InitLocalization <-- start
2017/08/02 17:51:17,245 [INFO ] [MvcApplication] - InitLocalization --> End
2017/08/02 17:51:17,262 [INFO ] [MvcApplication] - Session_Start --> End
2017/08/02 17:54:52,447 [INFO ] [MvcApplication] - Application_Start <-- start
2017/08/02 17:54:52,522 [DEBUG] [BootStrapper] - CreateComposition <-- Start
2017/08/02 17:54:52,558 [DEBUG] [BootStrapper] - CreateComposition --> End
2017/08/02 17:54:52,583 [INFO ] [BundleConfig] - RegisterBundles <-- Start
2017/08/02 17:54:52,591 [INFO ] [BundleConfig] - RegisterAdminBundles <-- Start
2017/08/02 17:54:52,616 [INFO ] [BundleConfig] - RegisterAdminBundles --> End
2017/08/02 17:54:52,621 [INFO ] [BundleConfig] - RegisterHomeBundles <-- Start
2017/08/02 17:54:52,631 [INFO ] [BundleConfig] - RegisterHomeBundles --> End
2017/08/02 17:54:52,637 [INFO ] [BundleConfig] - RegisterBundles --> End
2017/08/02 17:54:52,645 [INFO ] [MvcApplication] - Application_Start --> End
2017/08/02 17:54:52,691 [INFO ] [MvcApplication] - Session_Start <-- start
2017/08/02 17:54:52,702 [INFO ] [MvcApplication] - InitLocalization <-- start
2017/08/02 17:54:52,734 [INFO ] [MvcApplication] - InitLocalization --> End
2017/08/02 17:54:52,744 [INFO ] [MvcApplication] - Session_Start --> End
2017/08/02 18:21:09,105 [INFO ] [MvcApplication] - Application_Start <-- start
2017/08/02 18:21:09,182 [DEBUG] [BootStrapper] - CreateComposition <-- Start
2017/08/02 18:21:09,219 [DEBUG] [BootStrapper] - CreateComposition --> End
2017/08/02 18:21:09,243 [INFO ] [BundleConfig] - RegisterBundles <-- Start
2017/08/02 18:21:09,251 [INFO ] [BundleConfig] - RegisterAdminBundles <-- Start
2017/08/02 18:21:09,276 [INFO ] [BundleConfig] - RegisterAdminBundles --> End
2017/08/02 18:21:09,284 [INFO ] [BundleConfig] - RegisterHomeBundles <-- Start
2017/08/02 18:21:09,295 [INFO ] [BundleConfig] - RegisterHomeBundles --> End
2017/08/02 18:21:09,301 [INFO ] [BundleConfig] - RegisterBundles --> End
2017/08/02 18:21:09,308 [INFO ] [MvcApplication] - Application_Start --> End
2017/08/02 18:21:09,352 [INFO ] [MvcApplication] - Session_Start <-- start
2017/08/02 18:21:09,360 [INFO ] [MvcApplication] - InitLocalization <-- start
2017/08/02 18:21:09,393 [INFO ] [MvcApplication] - InitLocalization --> End
2017/08/02 18:21:09,406 [INFO ] [MvcApplication] - Session_Start --> End
2017/08/02 18:46:36,311 [INFO ] [MvcApplication] - Application_Start <-- start
2017/08/02 18:46:36,423 [DEBUG] [BootStrapper] - CreateComposition <-- Start
2017/08/02 18:46:36,462 [DEBUG] [BootStrapper] - CreateComposition --> End
2017/08/02 18:46:36,489 [INFO ] [BundleConfig] - RegisterBundles <-- Start
2017/08/02 18:46:36,499 [INFO ] [BundleConfig] - RegisterAdminBundles <-- Start
2017/08/02 18:46:36,521 [INFO ] [BundleConfig] - RegisterAdminBundles --> End
2017/08/02 18:46:36,528 [INFO ] [BundleConfig] - RegisterHomeBundles <-- Start
2017/08/02 18:46:36,541 [INFO ] [BundleConfig] - RegisterHomeBundles --> End
2017/08/02 18:46:36,547 [INFO ] [BundleConfig] - RegisterBundles --> End
2017/08/02 18:46:36,556 [INFO ] [MvcApplication] - Application_Start --> End
2017/08/02 18:46:36,607 [INFO ] [MvcApplication] - Session_Start <-- start
2017/08/02 18:46:36,616 [INFO ] [MvcApplication] - InitLocalization <-- start
2017/08/02 18:46:36,654 [INFO ] [MvcApplication] - InitLocalization --> End
2017/08/02 18:46:36,663 [INFO ] [MvcApplication] - Session_Start --> End
2017/08/08 15:18:03,390 [INFO ] [MvcApplication] - Application_Start <-- start
2017/08/08 15:18:03,611 [DEBUG] [BootStrapper] - CreateComposition <-- Start
2017/08/08 15:18:03,750 [DEBUG] [BootStrapper] - CreateComposition --> End
2017/08/08 15:18:13,952 [INFO ] [BundleConfig] - RegisterBundles <-- Start
2017/08/08 15:18:14,003 [INFO ] [BundleConfig] - RegisterAdminBundles <-- Start
2017/08/08 15:18:14,103 [INFO ] [BundleConfig] - RegisterAdminBundles --> End
2017/08/08 15:18:14,115 [INFO ] [BundleConfig] - RegisterHomeBundles <-- Start
2017/08/08 15:18:14,130 [INFO ] [BundleConfig] - RegisterHomeBundles --> End
2017/08/08 15:18:14,140 [INFO ] [BundleConfig] - RegisterBundles --> End
2017/08/08 15:18:14,147 [INFO ] [MvcApplication] - Application_Start --> End
2017/08/08 15:18:16,508 [INFO ] [MvcApplication] - Session_Start <-- start
2017/08/08 15:18:16,519 [INFO ] [MvcApplication] - InitLocalization <-- start
2017/08/08 15:18:16,945 [INFO ] [MvcApplication] - InitLocalization --> End
2017/08/08 15:18:16,954 [INFO ] [MvcApplication] - Session_Start --> End
2017/08/08 15:31:01,629 [INFO ] [MvcApplication] - Application_Start <-- start
2017/08/08 15:31:01,695 [DEBUG] [BootStrapper] - CreateComposition <-- Start
2017/08/08 15:31:01,705 [DEBUG] [BootStrapper] - CreateComposition --> End
2017/08/08 15:31:02,790 [INFO ] [BundleConfig] - RegisterBundles <-- Start
2017/08/08 15:31:02,796 [INFO ] [BundleConfig] - RegisterAdminBundles <-- Start
2017/08/08 15:31:02,824 [INFO ] [BundleConfig] - RegisterAdminBundles --> End
2017/08/08 15:31:02,831 [INFO ] [BundleConfig] - RegisterHomeBundles <-- Start
2017/08/08 15:31:02,842 [INFO ] [BundleConfig] - RegisterHomeBundles --> End
2017/08/08 15:31:02,850 [INFO ] [BundleConfig] - RegisterBundles --> End
2017/08/08 15:31:02,858 [INFO ] [MvcApplication] - Application_Start --> End
2017/08/08 15:31:02,977 [INFO ] [MvcApplication] - Session_Start <-- start
2017/08/08 15:31:02,983 [INFO ] [MvcApplication] - InitLocalization <-- start
2017/08/08 15:31:03,019 [INFO ] [MvcApplication] - InitLocalization --> End
2017/08/08 15:31:03,027 [INFO ] [MvcApplication] - Session_Start --> End
2017/08/08 19:27:37,271 [INFO ] [MvcApplication] - Session_Start <-- start
2017/08/08 19:27:37,314 [INFO ] [MvcApplication] - InitLocalization <-- start
2017/08/08 19:27:37,332 [INFO ] [MvcApplication] - InitLocalization --> End
2017/08/08 19:27:37,345 [INFO ] [MvcApplication] - Session_Start --> End
2017/08/10 12:41:38,296 [INFO ] [MvcApplication] - Application_Start <-- start
2017/08/10 12:41:38,532 [DEBUG] [BootStrapper] - CreateComposition <-- Start
2017/08/10 12:41:38,621 [DEBUG] [BootStrapper] - CreateComposition --> End
2017/08/10 12:41:40,619 [INFO ] [BundleConfig] - RegisterBundles <-- Start
2017/08/10 12:41:40,628 [INFO ] [BundleConfig] - RegisterAdminBundles <-- Start
2017/08/10 12:41:40,665 [INFO ] [BundleConfig] - RegisterAdminBundles --> End
2017/08/10 12:41:40,672 [INFO ] [BundleConfig] - RegisterHomeBundles <-- Start
2017/08/10 12:41:40,684 [INFO ] [BundleConfig] - RegisterHomeBundles --> End
2017/08/10 12:41:40,694 [INFO ] [BundleConfig] - RegisterBundles --> End
2017/08/10 12:41:40,702 [INFO ] [MvcApplication] - Application_Start --> End
2017/08/10 12:41:41,082 [INFO ] [MvcApplication] - Session_Start <-- start
2017/08/10 12:41:41,089 [INFO ] [MvcApplication] - InitLocalization <-- start
2017/08/10 12:41:41,455 [INFO ] [MvcApplication] - InitLocalization --> End
2017/08/10 12:41:41,461 [INFO ] [MvcApplication] - Session_Start --> End
2017/09/09 16:30:59,990 [INFO ] [MvcApplication] - Application_Start <-- start
2017/09/09 16:31:00,029 [DEBUG] [BootStrapper] - CreateComposition <-- Start
2017/09/09 16:31:00,045 [DEBUG] [BootStrapper] - CreateComposition --> End
2017/09/09 16:31:00,818 [INFO ] [BundleConfig] - RegisterBundles <-- Start
2017/09/09 16:31:00,833 [INFO ] [BundleConfig] - RegisterAdminBundles <-- Start
2017/09/09 16:31:00,878 [INFO ] [BundleConfig] - RegisterAdminBundles --> End
2017/09/09 16:31:00,886 [INFO ] [BundleConfig] - RegisterHomeBundles <-- Start
2017/09/09 16:31:00,896 [INFO ] [BundleConfig] - RegisterHomeBundles --> End
2017/09/09 16:31:00,904 [INFO ] [BundleConfig] - RegisterBundles --> End
2017/09/09 16:31:00,910 [INFO ] [MvcApplication] - Application_Start --> End
2017/09/09 16:31:01,084 [INFO ] [MvcApplication] - Session_Start <-- start
2017/09/09 16:31:01,099 [INFO ] [MvcApplication] - InitLocalization <-- start
2017/09/09 16:31:01,313 [INFO ] [MvcApplication] - InitLocalization --> End
2017/09/09 16:31:01,327 [INFO ] [MvcApplication] - Session_Start --> End
2017/09/09 16:34:19,406 [INFO ] [MvcApplication] - Application_Start <-- start
2017/09/09 16:34:19,435 [DEBUG] [BootStrapper] - CreateComposition <-- Start
2017/09/09 16:34:19,456 [DEBUG] [BootStrapper] - CreateComposition --> End
2017/09/09 16:34:20,037 [INFO ] [BundleConfig] - RegisterBundles <-- Start
2017/09/09 16:34:20,055 [INFO ] [BundleConfig] - RegisterAdminBundles <-- Start
2017/09/09 16:34:20,089 [INFO ] [BundleConfig] - RegisterAdminBundles --> End
2017/09/09 16:34:20,100 [INFO ] [BundleConfig] - RegisterHomeBundles <-- Start
2017/09/09 16:34:20,118 [INFO ] [BundleConfig] - RegisterHomeBundles --> End
2017/09/09 16:34:20,133 [INFO ] [BundleConfig] - RegisterBundles --> End
2017/09/09 16:34:20,153 [INFO ] [MvcApplication] - Application_Start --> End
2017/09/09 16:34:20,296 [INFO ] [MvcApplication] - Session_Start <-- start
2017/09/09 16:34:20,310 [INFO ] [MvcApplication] - InitLocalization <-- start
2017/09/09 16:34:20,454 [INFO ] [MvcApplication] - InitLocalization --> End
2017/09/09 16:34:20,466 [INFO ] [MvcApplication] - Session_Start --> End
2017/09/09 16:37:20,806 [INFO ] [MvcApplication] - Application_Start <-- start
2017/09/09 16:37:21,228 [DEBUG] [BootStrapper] - CreateComposition <-- Start
2017/09/09 16:37:21,422 [DEBUG] [BootStrapper] - CreateComposition --> End
2017/09/09 16:37:21,478 [INFO ] [BundleConfig] - RegisterBundles <-- Start
2017/09/09 16:37:21,494 [INFO ] [BundleConfig] - RegisterAdminBundles <-- Start
2017/09/09 16:37:21,560 [INFO ] [BundleConfig] - RegisterAdminBundles --> End
2017/09/09 16:37:21,593 [INFO ] [BundleConfig] - RegisterHomeBundles <-- Start
2017/09/09 16:37:21,638 [INFO ] [BundleConfig] - RegisterHomeBundles --> End
2017/09/09 16:37:21,682 [INFO ] [BundleConfig] - RegisterBundles --> End
2017/09/09 16:37:21,708 [INFO ] [MvcApplication] - Application_Start --> End
2017/09/09 16:37:22,010 [INFO ] [MvcApplication] - Session_Start <-- start
2017/09/09 16:37:22,033 [INFO ] [MvcApplication] - InitLocalization <-- start
2017/09/09 16:37:22,309 [INFO ] [MvcApplication] - InitLocalization --> End
2017/09/09 16:37:22,326 [INFO ] [MvcApplication] - Session_Start --> End
2017/09/09 16:39:02,601 [INFO ] [MvcApplication] - Session_Start <-- start
2017/09/09 16:39:02,616 [INFO ] [MvcApplication] - InitLocalization <-- start
2017/09/09 16:39:02,635 [INFO ] [MvcApplication] - InitLocalization --> End
2017/09/09 16:39:02,654 [INFO ] [MvcApplication] - Session_Start --> End
2017/09/09 16:40:44,206 [INFO ] [MvcApplication] - Application_Start <-- start
2017/09/09 16:40:44,455 [DEBUG] [BootStrapper] - CreateComposition <-- Start
2017/09/09 16:40:44,529 [DEBUG] [BootStrapper] - CreateComposition --> End
2017/09/09 16:40:44,582 [INFO ] [BundleConfig] - RegisterBundles <-- Start
2017/09/09 16:40:44,597 [INFO ] [BundleConfig] - RegisterAdminBundles <-- Start
2017/09/09 16:40:44,655 [INFO ] [BundleConfig] - RegisterAdminBundles --> End
2017/09/09 16:40:44,663 [INFO ] [BundleConfig] - RegisterHomeBundles <-- Start
2017/09/09 16:40:44,686 [INFO ] [BundleConfig] - RegisterHomeBundles --> End
2017/09/09 16:40:44,698 [INFO ] [BundleConfig] - RegisterBundles --> End
2017/09/09 16:40:44,709 [INFO ] [MvcApplication] - Application_Start --> End
2017/09/09 16:40:44,931 [INFO ] [MvcApplication] - Session_Start <-- start
2017/09/09 16:40:44,943 [INFO ] [MvcApplication] - InitLocalization <-- start
2017/09/09 16:40:45,142 [INFO ] [MvcApplication] - InitLocalization --> End
2017/09/09 16:40:45,151 [INFO ] [MvcApplication] - Session_Start --> End
2017/09/09 16:41:54,165 [INFO ] [MvcApplication] - Application_Start <-- start
2017/09/09 16:41:54,311 [DEBUG] [BootStrapper] - CreateComposition <-- Start
2017/09/09 16:41:54,412 [DEBUG] [BootStrapper] - CreateComposition --> End
2017/09/09 16:41:54,469 [INFO ] [BundleConfig] - RegisterBundles <-- Start
2017/09/09 16:41:54,490 [INFO ] [BundleConfig] - RegisterAdminBundles <-- Start
2017/09/09 16:41:54,545 [INFO ] [BundleConfig] - RegisterAdminBundles --> End
2017/09/09 16:41:54,567 [INFO ] [BundleConfig] - RegisterHomeBundles <-- Start
2017/09/09 16:41:54,585 [INFO ] [BundleConfig] - RegisterHomeBundles --> End
2017/09/09 16:41:54,610 [INFO ] [BundleConfig] - RegisterBundles --> End
2017/09/09 16:41:54,632 [INFO ] [MvcApplication] - Application_Start --> End
2017/09/09 16:41:54,935 [INFO ] [MvcApplication] - Session_Start <-- start
2017/09/09 16:41:54,965 [INFO ] [MvcApplication] - InitLocalization <-- start
2017/09/09 16:41:55,163 [INFO ] [MvcApplication] - InitLocalization --> End
2017/09/09 16:41:55,175 [INFO ] [MvcApplication] - Session_Start --> End
2017/09/09 16:43:49,621 [INFO ] [MvcApplication] - Application_Start <-- start
2017/09/09 16:43:49,849 [DEBUG] [BootStrapper] - CreateComposition <-- Start
2017/09/09 16:43:49,924 [DEBUG] [BootStrapper] - CreateComposition --> End
2017/09/09 16:43:49,984 [INFO ] [BundleConfig] - RegisterBundles <-- Start
2017/09/09 16:43:50,002 [INFO ] [BundleConfig] - RegisterAdminBundles <-- Start
2017/09/09 16:43:50,054 [INFO ] [BundleConfig] - RegisterAdminBundles --> End
2017/09/09 16:43:50,080 [INFO ] [BundleConfig] - RegisterHomeBundles <-- Start
2017/09/09 16:43:50,104 [INFO ] [BundleConfig] - RegisterHomeBundles --> End
2017/09/09 16:43:50,138 [INFO ] [BundleConfig] - RegisterBundles --> End
2017/09/09 16:43:50,155 [INFO ] [MvcApplication] - Application_Start --> End
2017/09/09 16:43:50,387 [INFO ] [MvcApplication] - Session_Start <-- start
2017/09/09 16:43:50,402 [INFO ] [MvcApplication] - InitLocalization <-- start
2017/09/09 16:43:50,674 [INFO ] [MvcApplication] - InitLocalization --> End
2017/09/09 16:43:50,686 [INFO ] [MvcApplication] - Session_Start --> End
2017/09/09 16:48:03,791 [INFO ] [MvcApplication] - Application_Start <-- start
2017/09/09 16:48:03,922 [DEBUG] [BootStrapper] - CreateComposition <-- Start
2017/09/09 16:48:03,987 [DEBUG] [BootStrapper] - CreateComposition --> End
2017/09/09 16:48:04,039 [INFO ] [BundleConfig] - RegisterBundles <-- Start
2017/09/09 16:48:04,053 [INFO ] [BundleConfig] - RegisterAdminBundles <-- Start
2017/09/09 16:48:04,097 [INFO ] [BundleConfig] - RegisterAdminBundles --> End
2017/09/09 16:48:04,105 [INFO ] [BundleConfig] - RegisterHomeBundles <-- Start
2017/09/09 16:48:04,120 [INFO ] [BundleConfig] - RegisterHomeBundles --> End
2017/09/09 16:48:04,132 [INFO ] [BundleConfig] - RegisterBundles --> End
2017/09/09 16:48:04,139 [INFO ] [MvcApplication] - Application_Start --> End
2017/09/09 16:48:04,244 [INFO ] [MvcApplication] - Session_Start <-- start
2017/09/09 16:48:04,262 [INFO ] [MvcApplication] - InitLocalization <-- start
2017/09/09 16:48:04,392 [INFO ] [MvcApplication] - InitLocalization --> End
2017/09/09 16:48:04,404 [INFO ] [MvcApplication] - Session_Start --> End
2017/09/09 16:51:44,518 [INFO ] [MvcApplication] - Application_Start <-- start
2017/09/09 16:51:44,544 [DEBUG] [BootStrapper] - CreateComposition <-- Start
2017/09/09 16:51:44,558 [DEBUG] [BootStrapper] - CreateComposition --> End
2017/09/09 16:51:45,395 [INFO ] [BundleConfig] - RegisterBundles <-- Start
2017/09/09 16:51:45,402 [INFO ] [BundleConfig] - RegisterAdminBundles <-- Start
2017/09/09 16:51:45,439 [INFO ] [BundleConfig] - RegisterAdminBundles --> End
2017/09/09 16:51:45,450 [INFO ] [BundleConfig] - RegisterHomeBundles <-- Start
2017/09/09 16:51:45,466 [INFO ] [BundleConfig] - RegisterHomeBundles --> End
2017/09/09 16:51:45,477 [INFO ] [BundleConfig] - RegisterBundles --> End
2017/09/09 16:51:45,488 [INFO ] [MvcApplication] - Application_Start --> End
2017/09/09 16:51:45,586 [INFO ] [MvcApplication] - Session_Start <-- start
2017/09/09 16:51:45,596 [INFO ] [MvcApplication] - InitLocalization <-- start
2017/09/09 16:51:45,630 [INFO ] [MvcApplication] - InitLocalization --> End
2017/09/09 16:51:45,640 [INFO ] [MvcApplication] - Session_Start --> End
2017/09/09 16:54:57,129 [INFO ] [MvcApplication] - Application_Start <-- start
2017/09/09 16:54:57,169 [DEBUG] [BootStrapper] - CreateComposition <-- Start
2017/09/09 16:54:57,186 [DEBUG] [BootStrapper] - CreateComposition --> End
2017/09/09 16:54:58,018 [INFO ] [BundleConfig] - RegisterBundles <-- Start
2017/09/09 16:54:58,033 [INFO ] [BundleConfig] - RegisterAdminBundles <-- Start
2017/09/09 16:54:58,077 [INFO ] [BundleConfig] - RegisterAdminBundles --> End
2017/09/09 16:54:58,088 [INFO ] [BundleConfig] - RegisterHomeBundles <-- Start
2017/09/09 16:54:58,110 [INFO ] [BundleConfig] - RegisterHomeBundles --> End
2017/09/09 16:54:58,125 [INFO ] [BundleConfig] - RegisterBundles --> End
2017/09/09 16:54:58,135 [INFO ] [MvcApplication] - Application_Start --> End
2017/09/09 16:54:58,409 [INFO ] [MvcApplication] - Session_Start <-- start
2017/09/09 16:54:58,422 [INFO ] [MvcApplication] - InitLocalization <-- start
2017/09/09 16:54:58,682 [INFO ] [MvcApplication] - InitLocalization --> End
2017/09/09 16:54:58,696 [INFO ] [MvcApplication] - Session_Start --> End
2017/09/09 16:56:53,702 [INFO ] [MvcApplication] - Application_Start <-- start
2017/09/09 16:56:53,842 [DEBUG] [BootStrapper] - CreateComposition <-- Start
2017/09/09 16:56:53,912 [DEBUG] [BootStrapper] - CreateComposition --> End
2017/09/09 16:56:53,955 [INFO ] [BundleConfig] - RegisterBundles <-- Start
2017/09/09 16:56:53,965 [INFO ] [BundleConfig] - RegisterAdminBundles <-- Start
2017/09/09 16:56:54,012 [INFO ] [BundleConfig] - RegisterAdminBundles --> End
2017/09/09 16:56:54,034 [INFO ] [BundleConfig] - RegisterHomeBundles <-- Start
2017/09/09 16:56:54,059 [INFO ] [BundleConfig] - RegisterHomeBundles --> End
2017/09/09 16:56:54,078 [INFO ] [BundleConfig] - RegisterBundles --> End
2017/09/09 16:56:54,090 [INFO ] [MvcApplication] - Application_Start --> End
2017/09/09 16:56:54,255 [INFO ] [MvcApplication] - Session_Start <-- start
2017/09/09 16:56:54,271 [INFO ] [MvcApplication] - InitLocalization <-- start
2017/09/09 16:56:54,443 [INFO ] [MvcApplication] - InitLocalization --> End
2017/09/09 16:56:54,460 [INFO ] [MvcApplication] - Session_Start --> End
2017/09/09 17:07:03,988 [INFO ] [MvcApplication] - Application_Start <-- start
2017/09/09 17:07:04,242 [DEBUG] [BootStrapper] - CreateComposition <-- Start
2017/09/09 17:07:04,308 [DEBUG] [BootStrapper] - CreateComposition --> End
2017/09/09 17:07:04,359 [INFO ] [BundleConfig] - RegisterBundles <-- Start
2017/09/09 17:07:04,376 [INFO ] [BundleConfig] - RegisterAdminBundles <-- Start
2017/09/09 17:07:04,425 [INFO ] [BundleConfig] - RegisterAdminBundles --> End
2017/09/09 17:07:04,451 [INFO ] [BundleConfig] - RegisterHomeBundles <-- Start
2017/09/09 17:07:04,475 [INFO ] [BundleConfig] - RegisterHomeBundles --> End
2017/09/09 17:07:04,487 [INFO ] [BundleConfig] - RegisterBundles --> End
2017/09/09 17:07:04,510 [INFO ] [MvcApplication] - Application_Start --> End
2017/09/09 17:07:04,698 [INFO ] [MvcApplication] - Session_Start <-- start
2017/09/09 17:07:04,710 [INFO ] [MvcApplication] - InitLocalization <-- start
2017/09/09 17:07:04,888 [INFO ] [MvcApplication] - InitLocalization --> End
2017/09/09 17:07:04,902 [INFO ] [MvcApplication] - Session_Start --> End
2017/09/09 17:14:19,207 [INFO ] [MvcApplication] - Application_Start <-- start
2017/09/09 17:14:19,324 [DEBUG] [BootStrapper] - CreateComposition <-- Start
2017/09/09 17:14:19,395 [DEBUG] [BootStrapper] - CreateComposition --> End
2017/09/09 17:14:19,437 [INFO ] [BundleConfig] - RegisterBundles <-- Start
2017/09/09 17:14:19,452 [INFO ] [BundleConfig] - RegisterAdminBundles <-- Start
2017/09/09 17:14:19,493 [INFO ] [BundleConfig] - RegisterAdminBundles --> End
2017/09/09 17:14:19,507 [INFO ] [BundleConfig] - RegisterHomeBundles <-- Start
2017/09/09 17:14:19,524 [INFO ] [BundleConfig] - RegisterHomeBundles --> End
2017/09/09 17:14:19,538 [INFO ] [BundleConfig] - RegisterBundles --> End
2017/09/09 17:14:19,555 [INFO ] [MvcApplication] - Application_Start --> End
2017/09/09 17:14:19,689 [INFO ] [MvcApplication] - Session_Start <-- start
2017/09/09 17:14:19,701 [INFO ] [MvcApplication] - InitLocalization <-- start
2017/09/09 17:14:19,874 [INFO ] [MvcApplication] - InitLocalization --> End
2017/09/09 17:14:19,886 [INFO ] [MvcApplication] - Session_Start --> End
2017/09/09 17:20:34,712 [INFO ] [MvcApplication] - Application_Start <-- start
2017/09/09 17:20:34,858 [DEBUG] [BootStrapper] - CreateComposition <-- Start
2017/09/09 17:20:34,920 [DEBUG] [BootStrapper] - CreateComposition --> End
2017/09/09 17:20:34,976 [INFO ] [BundleConfig] - RegisterBundles <-- Start
2017/09/09 17:20:34,993 [INFO ] [BundleConfig] - RegisterAdminBundles <-- Start
2017/09/09 17:20:35,051 [INFO ] [BundleConfig] - RegisterAdminBundles --> End
2017/09/09 17:20:35,066 [INFO ] [BundleConfig] - RegisterHomeBundles <-- Start
2017/09/09 17:20:35,087 [INFO ] [BundleConfig] - RegisterHomeBundles --> End
2017/09/09 17:20:35,101 [INFO ] [BundleConfig] - RegisterBundles --> End
2017/09/09 17:20:35,116 [INFO ] [MvcApplication] - Application_Start --> End
2017/09/09 17:20:35,350 [INFO ] [MvcApplication] - Session_Start <-- start
2017/09/09 17:20:35,366 [INFO ] [MvcApplication] - InitLocalization <-- start
2017/09/09 17:20:35,557 [INFO ] [MvcApplication] - InitLocalization --> End
2017/09/09 17:20:35,572 [INFO ] [MvcApplication] - Session_Start --> End
2017/09/09 17:21:28,133 [INFO ] [MvcApplication] - Application_Start <-- start
2017/09/09 17:21:28,320 [DEBUG] [BootStrapper] - CreateComposition <-- Start
2017/09/09 17:21:28,386 [DEBUG] [BootStrapper] - CreateComposition --> End
2017/09/09 17:21:28,431 [INFO ] [BundleConfig] - RegisterBundles <-- Start
2017/09/09 17:21:28,452 [INFO ] [BundleConfig] - RegisterAdminBundles <-- Start
2017/09/09 17:21:28,505 [INFO ] [BundleConfig] - RegisterAdminBundles --> End
2017/09/09 17:21:28,520 [INFO ] [BundleConfig] - RegisterHomeBundles <-- Start
2017/09/09 17:21:28,544 [INFO ] [BundleConfig] - RegisterHomeBundles --> End
2017/09/09 17:21:28,558 [INFO ] [BundleConfig] - RegisterBundles --> End
2017/09/09 17:21:28,572 [INFO ] [MvcApplication] - Application_Start --> End
2017/09/09 17:21:28,751 [INFO ] [MvcApplication] - Session_Start <-- start
2017/09/09 17:21:28,762 [INFO ] [MvcApplication] - InitLocalization <-- start
2017/09/09 17:21:28,950 [INFO ] [MvcApplication] - InitLocalization --> End
2017/09/09 17:21:28,967 [INFO ] [MvcApplication] - Session_Start --> End
2017/09/09 17:23:28,750 [INFO ] [MvcApplication] - Application_Start <-- start
2017/09/09 17:23:28,856 [DEBUG] [BootStrapper] - CreateComposition <-- Start
2017/09/09 17:23:28,922 [DEBUG] [BootStrapper] - CreateComposition --> End
2017/09/09 17:23:28,956 [INFO ] [BundleConfig] - RegisterBundles <-- Start
2017/09/09 17:23:28,965 [INFO ] [BundleConfig] - RegisterAdminBundles <-- Start
2017/09/09 17:23:28,994 [INFO ] [BundleConfig] - RegisterAdminBundles --> End
2017/09/09 17:23:29,004 [INFO ] [BundleConfig] - RegisterHomeBundles <-- Start
2017/09/09 17:23:29,019 [INFO ] [BundleConfig] - RegisterHomeBundles --> End
2017/09/09 17:23:29,027 [INFO ] [BundleConfig] - RegisterBundles --> End
2017/09/09 17:23:29,036 [INFO ] [MvcApplication] - Application_Start --> End
2017/09/09 17:23:29,162 [INFO ] [MvcApplication] - Session_Start <-- start
2017/09/09 17:23:29,171 [INFO ] [MvcApplication] - InitLocalization <-- start
2017/09/09 17:23:29,314 [INFO ] [MvcApplication] - InitLocalization --> End
2017/09/09 17:23:29,327 [INFO ] [MvcApplication] - Session_Start --> End
2017/09/09 17:58:55,495 [INFO ] [MvcApplication] - Application_Start <-- start
2017/09/09 17:58:55,637 [DEBUG] [BootStrapper] - CreateComposition <-- Start
2017/09/09 17:58:55,713 [DEBUG] [BootStrapper] - CreateComposition --> End
2017/09/09 17:58:55,762 [INFO ] [BundleConfig] - RegisterBundles <-- Start
2017/09/09 17:58:55,776 [INFO ] [BundleConfig] - RegisterAdminBundles <-- Start
2017/09/09 17:58:55,820 [INFO ] [BundleConfig] - RegisterAdminBundles --> End
2017/09/09 17:58:55,835 [INFO ] [BundleConfig] - RegisterHomeBundles <-- Start
2017/09/09 17:58:55,855 [INFO ] [BundleConfig] - RegisterHomeBundles --> End
2017/09/09 17:58:55,869 [INFO ] [BundleConfig] - RegisterBundles --> End
2017/09/09 17:58:55,883 [INFO ] [MvcApplication] - Application_Start --> End
2017/09/09 17:58:56,066 [INFO ] [MvcApplication] - Session_Start <-- start
2017/09/09 17:58:56,082 [INFO ] [MvcApplication] - InitLocalization <-- start
2017/09/09 17:58:56,265 [INFO ] [MvcApplication] - InitLocalization --> End
2017/09/09 17:58:56,280 [INFO ] [MvcApplication] - Session_Start --> End
2017/09/09 17:59:44,223 [INFO ] [MvcApplication] - Application_Start <-- start
2017/09/09 17:59:44,347 [DEBUG] [BootStrapper] - CreateComposition <-- Start
2017/09/09 17:59:44,403 [DEBUG] [BootStrapper] - CreateComposition --> End
2017/09/09 17:59:44,449 [INFO ] [BundleConfig] - RegisterBundles <-- Start
2017/09/09 17:59:44,470 [INFO ] [BundleConfig] - RegisterAdminBundles <-- Start
2017/09/09 17:59:44,506 [INFO ] [BundleConfig] - RegisterAdminBundles --> End
2017/09/09 17:59:44,517 [INFO ] [BundleConfig] - RegisterHomeBundles <-- Start
2017/09/09 17:59:44,533 [INFO ] [BundleConfig] - RegisterHomeBundles --> End
2017/09/09 17:59:44,541 [INFO ] [BundleConfig] - RegisterBundles --> End
2017/09/09 17:59:44,553 [INFO ] [MvcApplication] - Application_Start --> End
2017/09/09 17:59:44,686 [INFO ] [MvcApplication] - Session_Start <-- start
2017/09/09 17:59:44,701 [INFO ] [MvcApplication] - InitLocalization <-- start
2017/09/09 17:59:44,818 [INFO ] [MvcApplication] - InitLocalization --> End
2017/09/09 17:59:44,829 [INFO ] [MvcApplication] - Session_Start --> End
2017/09/09 18:00:35,957 [INFO ] [MvcApplication] - Application_Start <-- start
2017/09/09 18:00:36,099 [DEBUG] [BootStrapper] - CreateComposition <-- Start
2017/09/09 18:00:36,150 [DEBUG] [BootStrapper] - CreateComposition --> End
2017/09/09 18:00:36,191 [INFO ] [BundleConfig] - RegisterBundles <-- Start
2017/09/09 18:00:36,202 [INFO ] [BundleConfig] - RegisterAdminBundles <-- Start
2017/09/09 18:00:36,243 [INFO ] [BundleConfig] - RegisterAdminBundles --> End
2017/09/09 18:00:36,258 [INFO ] [BundleConfig] - RegisterHomeBundles <-- Start
2017/09/09 18:00:36,276 [INFO ] [BundleConfig] - RegisterHomeBundles --> End
2017/09/09 18:00:36,291 [INFO ] [BundleConfig] - RegisterBundles --> End
2017/09/09 18:00:36,306 [INFO ] [MvcApplication] - Application_Start --> End
2017/09/09 18:00:36,460 [INFO ] [MvcApplication] - Session_Start <-- start
2017/09/09 18:00:36,470 [INFO ] [MvcApplication] - InitLocalization <-- start
2017/09/09 18:00:36,604 [INFO ] [MvcApplication] - InitLocalization --> End
2017/09/09 18:00:36,619 [INFO ] [MvcApplication] - Session_Start --> End
2017/09/09 18:01:20,610 [INFO ] [MvcApplication] - Application_Start <-- start
2017/09/09 18:01:20,761 [DEBUG] [BootStrapper] - CreateComposition <-- Start
2017/09/09 18:01:20,824 [DEBUG] [BootStrapper] - CreateComposition --> End
2017/09/09 18:01:20,872 [INFO ] [BundleConfig] - RegisterBundles <-- Start
2017/09/09 18:01:20,887 [INFO ] [BundleConfig] - RegisterAdminBundles <-- Start
2017/09/09 18:01:20,937 [INFO ] [BundleConfig] - RegisterAdminBundles --> End
2017/09/09 18:01:20,955 [INFO ] [BundleConfig] - RegisterHomeBundles <-- Start
2017/09/09 18:01:20,976 [INFO ] [BundleConfig] - RegisterHomeBundles --> End
2017/09/09 18:01:20,988 [INFO ] [BundleConfig] - RegisterBundles --> End
2017/09/09 18:01:21,002 [INFO ] [MvcApplication] - Application_Start --> End
2017/09/09 18:01:21,220 [INFO ] [MvcApplication] - Session_Start <-- start
2017/09/09 18:01:21,235 [INFO ] [MvcApplication] - InitLocalization <-- start
2017/09/09 18:01:21,418 [INFO ] [MvcApplication] - InitLocalization --> End
2017/09/09 18:01:21,431 [INFO ] [MvcApplication] - Session_Start --> End
2017/09/09 18:01:36,658 [INFO ] [MvcApplication] - Application_Start <-- start
2017/09/09 18:01:36,900 [DEBUG] [BootStrapper] - CreateComposition <-- Start
2017/09/09 18:01:37,003 [DEBUG] [BootStrapper] - CreateComposition --> End
2017/09/09 18:01:37,056 [INFO ] [BundleConfig] - RegisterBundles <-- Start
2017/09/09 18:01:37,074 [INFO ] [BundleConfig] - RegisterAdminBundles <-- Start
2017/09/09 18:01:37,124 [INFO ] [BundleConfig] - RegisterAdminBundles --> End
2017/09/09 18:01:37,141 [INFO ] [BundleConfig] - RegisterHomeBundles <-- Start
2017/09/09 18:01:37,164 [INFO ] [BundleConfig] - RegisterHomeBundles --> End
2017/09/09 18:01:37,182 [INFO ] [BundleConfig] - RegisterBundles --> End
2017/09/09 18:01:37,198 [INFO ] [MvcApplication] - Application_Start --> End
2017/09/09 18:01:37,442 [INFO ] [MvcApplication] - Session_Start <-- start
2017/09/09 18:01:37,458 [INFO ] [MvcApplication] - InitLocalization <-- start
2017/09/09 18:01:37,678 [INFO ] [MvcApplication] - InitLocalization --> End
2017/09/09 18:01:37,695 [INFO ] [MvcApplication] - Session_Start --> End
2017/09/09 18:02:13,135 [INFO ] [MvcApplication] - Application_Start <-- start
2017/09/09 18:02:13,303 [DEBUG] [BootStrapper] - CreateComposition <-- Start
2017/09/09 18:02:13,416 [DEBUG] [BootStrapper] - CreateComposition --> End
2017/09/09 18:02:13,489 [INFO ] [BundleConfig] - RegisterBundles <-- Start
2017/09/09 18:02:13,509 [INFO ] [BundleConfig] - RegisterAdminBundles <-- Start
2017/09/09 18:02:13,578 [INFO ] [BundleConfig] - RegisterAdminBundles --> End
2017/09/09 18:02:13,602 [INFO ] [BundleConfig] - RegisterHomeBundles <-- Start
2017/09/09 18:02:13,634 [INFO ] [BundleConfig] - RegisterHomeBundles --> End
2017/09/09 18:02:13,668 [INFO ] [BundleConfig] - RegisterBundles --> End
2017/09/09 18:02:13,696 [INFO ] [MvcApplication] - Application_Start --> End
2017/09/09 18:02:14,062 [INFO ] [MvcApplication] - Session_Start <-- start
2017/09/09 18:02:14,083 [INFO ] [MvcApplication] - InitLocalization <-- start
2017/09/09 18:02:14,414 [INFO ] [MvcApplication] - InitLocalization --> End
2017/09/09 18:02:14,437 [INFO ] [MvcApplication] - Session_Start --> End
