2017/04/22 23:19:48,045 [DEBUG] [Configuration] - Seed...
2017/04/22 23:19:48,051 [DEBUG] [Configuration] - InitDummyData...
2017/04/22 23:19:48,072 [DEBUG] [DummyDataProvider] - ReadSimpleData - dummyDataType=[EMPLOYEE_NAME], filePath=[D:\Projects\RFO\SourceCode\RFO.Model\\DummyDataGenerator\DummyData/Common/EmployeeName.txt]...
2017/04/22 23:19:48,075 [DEBUG] [DummyDataProvider] - ReadSimpleData...DONE
2017/04/22 23:19:48,075 [DEBUG] [DummyDataProvider] - ReadSimpleData - dummyDataType=[ADDRESS], filePath=[D:\Projects\RFO\SourceCode\RFO.Model\\DummyDataGenerator\DummyData/Common/Address.txt]...
2017/04/22 23:19:48,075 [DEBUG] [DummyDataProvider] - ReadSimpleData...DONE
2017/04/22 23:19:48,075 [DEBUG] [DummyDataProvider] - ReadSimpleData - dummyDataType=[EMAIL], filePath=[D:\Projects\RFO\SourceCode\RFO.Model\\DummyDataGenerator\DummyData/Common/Email.txt]...
2017/04/22 23:19:48,076 [DEBUG] [DummyDataProvider] - ReadSimpleData...DONE
2017/04/22 23:19:48,076 [DEBUG] [DummyDataProvider] - ReadSimpleData - dummyDataType=[NUMBER], filePath=[D:\Projects\RFO\SourceCode\RFO.Model\\DummyDataGenerator\DummyData/Common/Number.txt]...
2017/04/22 23:19:48,077 [DEBUG] [DummyDataProvider] - ReadSimpleData...DONE
2017/04/22 23:19:48,077 [DEBUG] [DummyDataProvider] - ReadSimpleData - dummyDataType=[PHONE], filePath=[D:\Projects\RFO\SourceCode\RFO.Model\\DummyDataGenerator\DummyData/Common/Phone.txt]...
2017/04/22 23:19:48,077 [DEBUG] [DummyDataProvider] - ReadSimpleData...DONE
2017/04/22 23:19:48,077 [DEBUG] [DummyDataProvider] - ReadSimpleData - dummyDataType=[BRIEF_DESCRIPTION], filePath=[D:\Projects\RFO\SourceCode\RFO.Model\\DummyDataGenerator\DummyData/Common/BriefDescription.txt]...
2017/04/22 23:19:48,078 [DEBUG] [DummyDataProvider] - ReadSimpleData...DONE
2017/04/22 23:19:48,078 [DEBUG] [DummyDataProvider] - ReadSimpleData - dummyDataType=[TITLE], filePath=[D:\Projects\RFO\SourceCode\RFO.Model\\DummyDataGenerator\DummyData/Common/Title.txt]...
2017/04/22 23:19:48,078 [DEBUG] [DummyDataProvider] - ReadSimpleData...DONE
2017/04/22 23:19:48,078 [DEBUG] [DummyDataProvider] - ReadSimpleData - dummyDataType=[WEBSITE], filePath=[D:\Projects\RFO\SourceCode\RFO.Model\\DummyDataGenerator\DummyData/Common/Website.txt]...
2017/04/22 23:19:48,078 [DEBUG] [DummyDataProvider] - ReadSimpleData...DONE
2017/04/22 23:19:48,078 [DEBUG] [DummyDataProvider] - ReadSimpleData - dummyDataType=[SIMPLE_DATA], filePath=[D:\Projects\RFO\SourceCode\RFO.Model\\DummyDataGenerator\DummyData/Common/SimpleData.txt]...
2017/04/22 23:19:48,078 [DEBUG] [DummyDataProvider] - ReadSimpleData...DONE
2017/04/22 23:19:48,078 [DEBUG] [DummyDataProvider] - ReadSimpleData - dummyDataType=[POSITION], filePath=[D:\Projects\RFO\SourceCode\RFO.Model\\DummyDataGenerator\DummyData/Common/Position.txt]...
2017/04/22 23:19:48,078 [DEBUG] [DummyDataProvider] - ReadSimpleData...DONE
2017/04/22 23:19:48,078 [DEBUG] [DummyDataProvider] - ReadSimpleData - dummyDataType=[RESULT], filePath=[D:\Projects\RFO\SourceCode\RFO.Model\\DummyDataGenerator\DummyData/Common/Result.txt]...
2017/04/22 23:19:48,078 [DEBUG] [DummyDataProvider] - ReadSimpleData...DONE
2017/04/22 23:19:48,079 [DEBUG] [DummyDataProvider] - ReadSimpleData - dummyDataType=[PLACE], filePath=[D:\Projects\RFO\SourceCode\RFO.Model\\DummyDataGenerator\DummyData/Common/Place.txt]...
2017/04/22 23:19:48,079 [DEBUG] [DummyDataProvider] - ReadSimpleData...DONE
2017/04/22 23:19:48,079 [DEBUG] [DummyDataProvider] - ReadSimpleData - dummyDataType=[LANGUAGE], filePath=[D:\Projects\RFO\SourceCode\RFO.Model\\DummyDataGenerator\DummyData/Common/Language.txt]...
2017/04/22 23:19:48,079 [DEBUG] [DummyDataProvider] - ReadSimpleData...DONE
2017/04/22 23:19:48,079 [DEBUG] [DummyDataProvider] - ReadSimpleData - dummyDataType=[EDUCATION], filePath=[D:\Projects\RFO\SourceCode\RFO.Model\\DummyDataGenerator\DummyData/Common/Education.txt]...
2017/04/22 23:19:48,079 [DEBUG] [DummyDataProvider] - ReadSimpleData...DONE
2017/04/22 23:19:48,079 [DEBUG] [DummyDataProvider] - ReadSimpleData - dummyDataType=[MENU], filePath=[D:\Projects\RFO\SourceCode\RFO.Model\\DummyDataGenerator\DummyData/Common/FoodCategoryName.txt]...
2017/04/22 23:19:48,079 [DEBUG] [DummyDataProvider] - ReadSimpleData...DONE
2017/04/22 23:19:48,079 [DEBUG] [DummyDataProvider] - ReadSimpleData - dummyDataType=[FOOD], filePath=[D:\Projects\RFO\SourceCode\RFO.Model\\DummyDataGenerator\DummyData/Common/FoodName.txt]...
2017/04/22 23:19:48,079 [DEBUG] [DummyDataProvider] - ReadSimpleData...DONE
2017/04/22 23:19:48,080 [DEBUG] [DummyDataProvider] - ReadImages - dummyDataType=[IMAGE], dirImages=[D:\Projects\RFO\SourceCode\RFO.Model\\DummyDataGenerator\DummyData/Images]...
2017/04/22 23:19:48,081 [DEBUG] [DummyDataProvider] - ReadImages...DONE
2017/04/22 23:19:48,082 [DEBUG] [DummyDataProvider] - ReadHtmlData - dummyDataType=[HTML], dirHtml=[D:\Projects\RFO\SourceCode\RFO.Model\\DummyDataGenerator\DummyData/HtmlContent]...
2017/04/22 23:19:48,082 [DEBUG] [DummyDataProvider] - ReadHtmlData...DONE
2017/04/22 23:19:48,082 [DEBUG] [Configuration] - InitDummyData...DONE
2017/04/22 23:19:48,082 [DEBUG] [Configuration] - ConnectDB...
2017/04/22 23:19:48,083 [DEBUG] [Configuration] - ConnectDB...DONE
2017/04/22 23:19:48,083 [DEBUG] [Configuration] - SeedDummyData...
2017/04/22 23:19:48,629 [DEBUG] [Configuration] - SeedDummyData...DONE
2017/04/22 23:19:48,629 [DEBUG] [Configuration] - Seed...DONE
